[时间:0][事件]: [攻击方1] 指派第1批, 规模为4的轰炸机机群, 于16000毫秒后, 以每秒1个单位的航速, 轰炸守方的军事目标 '军事目标1'!
[时间:0][事件]: [攻击方2] 指派第1批, 规模为8的轰炸机机群, 于6000毫秒后, 以每秒3个单位的航速, 轰炸守方的军事目标 '军事目标2'!
[时间:0][事件]: [攻击方2] 指派第2批, 规模为2的轰炸机机群, 于26000毫秒后, 以每秒1个单位的航速, 轰炸守方的军事目标 '军事目标2'!
[时间:0][状态]: '防守方1'	位于: (44, 41)	导弹剩余数: 7	状态: 空闲
[时间:0][状态]: '防守方2'	位于: (42, 20)	导弹剩余数: 7	状态: 空闲
[时间:0][状态]: '轰炸机[1:1:1]' 位于(12, 39)	状态: 等待起飞命令
[时间:0][状态]: '轰炸机[1:1:2]' 位于(12, 39)	状态: 等待起飞命令
[时间:0][状态]: '轰炸机[1:1:3]' 位于(12, 39)	状态: 等待起飞命令
[时间:0][状态]: '轰炸机[1:1:4]' 位于(12, 39)	状态: 等待起飞命令
[时间:0][状态]: '轰炸机[2:1:1]' 位于(9, 14)	状态: 等待起飞命令
[时间:0][状态]: '轰炸机[2:1:2]' 位于(9, 14)	状态: 等待起飞命令
[时间:0][状态]: '轰炸机[2:1:3]' 位于(9, 14)	状态: 等待起飞命令
[时间:0][状态]: '轰炸机[2:1:4]' 位于(9, 14)	状态: 等待起飞命令
[时间:0][状态]: '轰炸机[2:1:5]' 位于(9, 14)	状态: 等待起飞命令
[时间:0][状态]: '轰炸机[2:1:6]' 位于(9, 14)	状态: 等待起飞命令
[时间:0][状态]: '轰炸机[2:1:7]' 位于(9, 14)	状态: 等待起飞命令
[时间:0][状态]: '轰炸机[2:1:8]' 位于(9, 14)	状态: 等待起飞命令
[时间:0][状态]: '轰炸机[2:2:1]' 位于(9, 14)	状态: 等待起飞命令
[时间:0][状态]: '轰炸机[2:2:2]' 位于(9, 14)	状态: 等待起飞命令
[时间:0][状态]: '攻击方1': 位置: (12, 39)	待命: 4	起飞: 0	坠毁: 0	返航: 0	完成: 0
[时间:0][状态]: '攻击方2': 位置: (9, 14)	待命: 10	起飞: 0	坠毁: 0	返航: 0	完成: 0
[时间:1000][状态]: '防守方1'	位于: (44, 41)	导弹剩余数: 7	状态: 空闲
[时间:1000][状态]: '防守方2'	位于: (42, 20)	导弹剩余数: 7	状态: 空闲
[时间:1000][状态]: '轰炸机[1:1:1]' 位于(12, 39)	状态: 等待起飞命令
[时间:1000][状态]: '轰炸机[1:1:2]' 位于(12, 39)	状态: 等待起飞命令
[时间:1000][状态]: '轰炸机[1:1:3]' 位于(12, 39)	状态: 等待起飞命令
[时间:1000][状态]: '轰炸机[1:1:4]' 位于(12, 39)	状态: 等待起飞命令
[时间:1000][状态]: '轰炸机[2:1:1]' 位于(9, 14)	状态: 等待起飞命令
[时间:1000][状态]: '轰炸机[2:1:2]' 位于(9, 14)	状态: 等待起飞命令
[时间:1000][状态]: '轰炸机[2:1:3]' 位于(9, 14)	状态: 等待起飞命令
[时间:1000][状态]: '轰炸机[2:1:4]' 位于(9, 14)	状态: 等待起飞命令
[时间:1000][状态]: '轰炸机[2:1:5]' 位于(9, 14)	状态: 等待起飞命令
[时间:1000][状态]: '轰炸机[2:1:6]' 位于(9, 14)	状态: 等待起飞命令
[时间:1000][状态]: '轰炸机[2:1:7]' 位于(9, 14)	状态: 等待起飞命令
[时间:1000][状态]: '轰炸机[2:1:8]' 位于(9, 14)	状态: 等待起飞命令
[时间:1000][状态]: '轰炸机[2:2:1]' 位于(9, 14)	状态: 等待起飞命令
[时间:1000][状态]: '轰炸机[2:2:2]' 位于(9, 14)	状态: 等待起飞命令
[时间:1000][状态]: '攻击方1': 位置: (12, 39)	待命: 4	起飞: 0	坠毁: 0	返航: 0	完成: 0
[时间:1000][状态]: '攻击方2': 位置: (9, 14)	待命: 10	起飞: 0	坠毁: 0	返航: 0	完成: 0
[时间:2000][状态]: '防守方1'	位于: (44, 41)	导弹剩余数: 7	状态: 空闲
[时间:2000][状态]: '防守方2'	位于: (42, 20)	导弹剩余数: 7	状态: 空闲
[时间:2000][状态]: '轰炸机[1:1:1]' 位于(12, 39)	状态: 等待起飞命令
[时间:2000][状态]: '轰炸机[1:1:2]' 位于(12, 39)	状态: 等待起飞命令
[时间:2000][状态]: '轰炸机[1:1:3]' 位于(12, 39)	状态: 等待起飞命令
[时间:2000][状态]: '轰炸机[1:1:4]' 位于(12, 39)	状态: 等待起飞命令
[时间:2000][状态]: '轰炸机[2:1:1]' 位于(9, 14)	状态: 等待起飞命令
[时间:2000][状态]: '轰炸机[2:1:2]' 位于(9, 14)	状态: 等待起飞命令
[时间:2000][状态]: '轰炸机[2:1:3]' 位于(9, 14)	状态: 等待起飞命令
[时间:2000][状态]: '轰炸机[2:1:4]' 位于(9, 14)	状态: 等待起飞命令
[时间:2000][状态]: '轰炸机[2:1:5]' 位于(9, 14)	状态: 等待起飞命令
[时间:2000][状态]: '轰炸机[2:1:6]' 位于(9, 14)	状态: 等待起飞命令
[时间:2000][状态]: '轰炸机[2:1:7]' 位于(9, 14)	状态: 等待起飞命令
[时间:2000][状态]: '轰炸机[2:1:8]' 位于(9, 14)	状态: 等待起飞命令
[时间:2000][状态]: '轰炸机[2:2:1]' 位于(9, 14)	状态: 等待起飞命令
[时间:2000][状态]: '轰炸机[2:2:2]' 位于(9, 14)	状态: 等待起飞命令
[时间:2000][状态]: '攻击方1': 位置: (12, 39)	待命: 4	起飞: 0	坠毁: 0	返航: 0	完成: 0
[时间:2000][状态]: '攻击方2': 位置: (9, 14)	待命: 10	起飞: 0	坠毁: 0	返航: 0	完成: 0
[时间:3000][状态]: '防守方1'	位于: (44, 41)	导弹剩余数: 7	状态: 空闲
[时间:3000][状态]: '防守方2'	位于: (42, 20)	导弹剩余数: 7	状态: 空闲
[时间:3000][状态]: '轰炸机[1:1:1]' 位于(12, 39)	状态: 等待起飞命令
[时间:3000][状态]: '轰炸机[1:1:2]' 位于(12, 39)	状态: 等待起飞命令
[时间:3000][状态]: '轰炸机[1:1:3]' 位于(12, 39)	状态: 等待起飞命令
[时间:3000][状态]: '轰炸机[1:1:4]' 位于(12, 39)	状态: 等待起飞命令
[时间:3000][状态]: '轰炸机[2:1:1]' 位于(9, 14)	状态: 等待起飞命令
[时间:3000][状态]: '轰炸机[2:1:2]' 位于(9, 14)	状态: 等待起飞命令
[时间:3000][状态]: '轰炸机[2:1:3]' 位于(9, 14)	状态: 等待起飞命令
[时间:3000][状态]: '轰炸机[2:1:4]' 位于(9, 14)	状态: 等待起飞命令
[时间:3000][状态]: '轰炸机[2:1:5]' 位于(9, 14)	状态: 等待起飞命令
[时间:3000][状态]: '轰炸机[2:1:6]' 位于(9, 14)	状态: 等待起飞命令
[时间:3000][状态]: '轰炸机[2:1:7]' 位于(9, 14)	状态: 等待起飞命令
[时间:3000][状态]: '轰炸机[2:1:8]' 位于(9, 14)	状态: 等待起飞命令
[时间:3000][状态]: '轰炸机[2:2:1]' 位于(9, 14)	状态: 等待起飞命令
[时间:3000][状态]: '轰炸机[2:2:2]' 位于(9, 14)	状态: 等待起飞命令
[时间:3000][状态]: '攻击方1': 位置: (12, 39)	待命: 4	起飞: 0	坠毁: 0	返航: 0	完成: 0
[时间:3000][状态]: '攻击方2': 位置: (9, 14)	待命: 10	起飞: 0	坠毁: 0	返航: 0	完成: 0
[时间:4000][状态]: '防守方1'	位于: (44, 41)	导弹剩余数: 7	状态: 空闲
[时间:4000][状态]: '防守方2'	位于: (42, 20)	导弹剩余数: 7	状态: 空闲
[时间:4000][状态]: '轰炸机[1:1:1]' 位于(12, 39)	状态: 等待起飞命令
[时间:4000][状态]: '轰炸机[1:1:2]' 位于(12, 39)	状态: 等待起飞命令
[时间:4000][状态]: '轰炸机[1:1:3]' 位于(12, 39)	状态: 等待起飞命令
[时间:4000][状态]: '轰炸机[1:1:4]' 位于(12, 39)	状态: 等待起飞命令
[时间:4000][状态]: '轰炸机[2:1:1]' 位于(9, 14)	状态: 等待起飞命令
[时间:4000][状态]: '轰炸机[2:1:2]' 位于(9, 14)	状态: 等待起飞命令
[时间:4000][状态]: '轰炸机[2:1:3]' 位于(9, 14)	状态: 等待起飞命令
[时间:4000][状态]: '轰炸机[2:1:4]' 位于(9, 14)	状态: 等待起飞命令
[时间:4000][状态]: '轰炸机[2:1:5]' 位于(9, 14)	状态: 等待起飞命令
[时间:4000][状态]: '轰炸机[2:1:6]' 位于(9, 14)	状态: 等待起飞命令
[时间:4000][状态]: '轰炸机[2:1:7]' 位于(9, 14)	状态: 等待起飞命令
[时间:4000][状态]: '轰炸机[2:1:8]' 位于(9, 14)	状态: 等待起飞命令
[时间:4000][状态]: '轰炸机[2:2:1]' 位于(9, 14)	状态: 等待起飞命令
[时间:4000][状态]: '轰炸机[2:2:2]' 位于(9, 14)	状态: 等待起飞命令
[时间:4000][状态]: '攻击方1': 位置: (12, 39)	待命: 4	起飞: 0	坠毁: 0	返航: 0	完成: 0
[时间:4000][状态]: '攻击方2': 位置: (9, 14)	待命: 10	起飞: 0	坠毁: 0	返航: 0	完成: 0
[时间:5000][状态]: '防守方1'	位于: (44, 41)	导弹剩余数: 7	状态: 空闲
[时间:5000][状态]: '防守方2'	位于: (42, 20)	导弹剩余数: 7	状态: 空闲
[时间:5000][状态]: '轰炸机[1:1:1]' 位于(12, 39)	状态: 等待起飞命令
[时间:5000][状态]: '轰炸机[1:1:2]' 位于(12, 39)	状态: 等待起飞命令
[时间:5000][状态]: '轰炸机[1:1:3]' 位于(12, 39)	状态: 等待起飞命令
[时间:5000][状态]: '轰炸机[1:1:4]' 位于(12, 39)	状态: 等待起飞命令
[时间:5000][状态]: '轰炸机[2:1:1]' 位于(9, 14)	状态: 等待起飞命令
[时间:5000][状态]: '轰炸机[2:1:2]' 位于(9, 14)	状态: 等待起飞命令
[时间:5000][状态]: '轰炸机[2:1:3]' 位于(9, 14)	状态: 等待起飞命令
[时间:5000][状态]: '轰炸机[2:1:4]' 位于(9, 14)	状态: 等待起飞命令
[时间:5000][状态]: '轰炸机[2:1:5]' 位于(9, 14)	状态: 等待起飞命令
[时间:5000][状态]: '轰炸机[2:1:6]' 位于(9, 14)	状态: 等待起飞命令
[时间:5000][状态]: '轰炸机[2:1:7]' 位于(9, 14)	状态: 等待起飞命令
[时间:5000][状态]: '轰炸机[2:1:8]' 位于(9, 14)	状态: 等待起飞命令
[时间:5000][状态]: '轰炸机[2:2:1]' 位于(9, 14)	状态: 等待起飞命令
[时间:5000][状态]: '轰炸机[2:2:2]' 位于(9, 14)	状态: 等待起飞命令
[时间:5000][状态]: '攻击方1': 位置: (12, 39)	待命: 4	起飞: 0	坠毁: 0	返航: 0	完成: 0
[时间:5000][状态]: '攻击方2': 位置: (9, 14)	待命: 10	起飞: 0	坠毁: 0	返航: 0	完成: 0
[时间:5000][事件]: '攻击方2'	派出了'轰炸机[2:1:1]'轰炸守方目标'军事目标2'!
[时间:5000][事件]: '轰炸机[2:1:1]' 前往目标 '军事目标2'!
[时间:5000][事件]: '防守方1' 进入了待机发射状态!
[时间:5000][事件]: '防守方2' 进入了待机发射状态!
[时间:5000][事件]: '攻击方2'	派出了'轰炸机[2:1:2]'轰炸守方目标'军事目标2'!
[时间:5000][事件]: '轰炸机[2:1:2]' 前往目标 '军事目标2'!
[时间:5000][事件]: '攻击方2'	派出了'轰炸机[2:1:3]'轰炸守方目标'军事目标2'!
[时间:5000][事件]: '轰炸机[2:1:3]' 前往目标 '军事目标2'!
[时间:5000][事件]: '攻击方2'	派出了'轰炸机[2:1:4]'轰炸守方目标'军事目标2'!
[时间:5000][事件]: '轰炸机[2:1:4]' 前往目标 '军事目标2'!
[时间:5000][事件]: '攻击方2'	派出了'轰炸机[2:1:5]'轰炸守方目标'军事目标2'!
[时间:5000][事件]: '轰炸机[2:1:5]' 前往目标 '军事目标2'!
[时间:5000][事件]: '攻击方2'	派出了'轰炸机[2:1:6]'轰炸守方目标'军事目标2'!
[时间:5000][事件]: '轰炸机[2:1:6]' 前往目标 '军事目标2'!
[时间:5000][事件]: '攻击方2'	派出了'轰炸机[2:1:7]'轰炸守方目标'军事目标2'!
[时间:5000][事件]: '轰炸机[2:1:7]' 前往目标 '军事目标2'!
[时间:5000][事件]: '攻击方2'	派出了'轰炸机[2:1:8]'轰炸守方目标'军事目标2'!
[时间:5000][事件]: '轰炸机[2:1:8]' 前往目标 '军事目标2'!
[时间:6000][状态]: '防守方1'	位于: (44, 41)	导弹剩余数: 7	状态: 待机发射
[时间:6000][状态]: '防守方2'	位于: (42, 20)	导弹剩余数: 7	状态: 待机发射
[时间:6000][状态]: '轰炸机[1:1:1]' 位于(12, 39)	状态: 等待起飞命令
[时间:6000][状态]: '轰炸机[1:1:2]' 位于(12, 39)	状态: 等待起飞命令
[时间:6000][状态]: '轰炸机[1:1:3]' 位于(12, 39)	状态: 等待起飞命令
[时间:6000][状态]: '轰炸机[1:1:4]' 位于(12, 39)	状态: 等待起飞命令
[时间:6000][状态]: '轰炸机[2:1:1]' 位于(9, 14)	状态: 前往军事目标
[时间:6000][状态]: '轰炸机[2:1:2]' 位于(9, 14)	状态: 前往军事目标
[时间:6000][状态]: '轰炸机[2:1:3]' 位于(9, 14)	状态: 前往军事目标
[时间:6000][状态]: '轰炸机[2:1:4]' 位于(9, 14)	状态: 前往军事目标
[时间:6000][状态]: '轰炸机[2:1:5]' 位于(9, 14)	状态: 前往军事目标
[时间:6000][状态]: '轰炸机[2:1:6]' 位于(9, 14)	状态: 前往军事目标
[时间:6000][状态]: '轰炸机[2:1:7]' 位于(9, 14)	状态: 前往军事目标
[时间:6000][状态]: '轰炸机[2:1:8]' 位于(9, 14)	状态: 前往军事目标
[时间:6000][状态]: '轰炸机[2:2:1]' 位于(9, 14)	状态: 等待起飞命令
[时间:6000][状态]: '轰炸机[2:2:2]' 位于(9, 14)	状态: 等待起飞命令
[时间:6000][状态]: '攻击方1': 位置: (12, 39)	待命: 4	起飞: 0	坠毁: 0	返航: 0	完成: 0
[时间:6000][状态]: '攻击方2': 位置: (9, 14)	待命: 2	起飞: 8	坠毁: 0	返航: 0	完成: 0
[时间:7000][状态]: '防守方1'	位于: (44, 41)	导弹剩余数: 7	状态: 待机发射
[时间:7000][状态]: '防守方2'	位于: (42, 20)	导弹剩余数: 7	状态: 待机发射
[时间:7000][状态]: '轰炸机[1:1:1]' 位于(12, 39)	状态: 等待起飞命令
[时间:7000][状态]: '轰炸机[1:1:2]' 位于(12, 39)	状态: 等待起飞命令
[时间:7000][状态]: '轰炸机[1:1:3]' 位于(12, 39)	状态: 等待起飞命令
[时间:7000][状态]: '轰炸机[1:1:4]' 位于(12, 39)	状态: 等待起飞命令
[时间:7000][状态]: '轰炸机[2:1:1]' 位于(12, 14)	状态: 前往军事目标
[时间:7000][状态]: '轰炸机[2:1:2]' 位于(12, 14)	状态: 前往军事目标
[时间:7000][状态]: '轰炸机[2:1:3]' 位于(12, 14)	状态: 前往军事目标
[时间:7000][状态]: '轰炸机[2:1:4]' 位于(12, 14)	状态: 前往军事目标
[时间:7000][状态]: '轰炸机[2:1:5]' 位于(12, 14)	状态: 前往军事目标
[时间:7000][状态]: '轰炸机[2:1:6]' 位于(12, 14)	状态: 前往军事目标
[时间:7000][状态]: '轰炸机[2:1:7]' 位于(12, 14)	状态: 前往军事目标
[时间:7000][状态]: '轰炸机[2:1:8]' 位于(12, 14)	状态: 前往军事目标
[时间:7000][状态]: '轰炸机[2:2:1]' 位于(9, 14)	状态: 等待起飞命令
[时间:7000][状态]: '轰炸机[2:2:2]' 位于(9, 14)	状态: 等待起飞命令
[时间:7000][状态]: '攻击方1': 位置: (12, 39)	待命: 4	起飞: 0	坠毁: 0	返航: 0	完成: 0
[时间:7000][状态]: '攻击方2': 位置: (9, 14)	待命: 2	起飞: 8	坠毁: 0	返航: 0	完成: 0
[时间:8000][状态]: '防守方1'	位于: (44, 41)	导弹剩余数: 7	状态: 待机发射
[时间:8000][状态]: '防守方2'	位于: (42, 20)	导弹剩余数: 7	状态: 待机发射
[时间:8000][状态]: '轰炸机[1:1:1]' 位于(12, 39)	状态: 等待起飞命令
[时间:8000][状态]: '轰炸机[1:1:2]' 位于(12, 39)	状态: 等待起飞命令
[时间:8000][状态]: '轰炸机[1:1:3]' 位于(12, 39)	状态: 等待起飞命令
[时间:8000][状态]: '轰炸机[1:1:4]' 位于(12, 39)	状态: 等待起飞命令
[时间:8000][状态]: '轰炸机[2:1:1]' 位于(15, 14)	状态: 前往军事目标
[时间:8000][状态]: '轰炸机[2:1:2]' 位于(15, 14)	状态: 前往军事目标
[时间:8000][状态]: '轰炸机[2:1:3]' 位于(15, 14)	状态: 前往军事目标
[时间:8000][状态]: '轰炸机[2:1:4]' 位于(15, 14)	状态: 前往军事目标
[时间:8000][状态]: '轰炸机[2:1:5]' 位于(15, 14)	状态: 前往军事目标
[时间:8000][状态]: '轰炸机[2:1:6]' 位于(15, 14)	状态: 前往军事目标
[时间:8000][状态]: '轰炸机[2:1:7]' 位于(15, 14)	状态: 前往军事目标
[时间:8000][状态]: '轰炸机[2:1:8]' 位于(15, 14)	状态: 前往军事目标
[时间:8000][状态]: '轰炸机[2:2:1]' 位于(9, 14)	状态: 等待起飞命令
[时间:8000][状态]: '轰炸机[2:2:2]' 位于(9, 14)	状态: 等待起飞命令
[时间:8000][状态]: '攻击方1': 位置: (12, 39)	待命: 4	起飞: 0	坠毁: 0	返航: 0	完成: 0
[时间:8000][状态]: '攻击方2': 位置: (9, 14)	待命: 2	起飞: 8	坠毁: 0	返航: 0	完成: 0
[时间:9000][状态]: '防守方1'	位于: (44, 41)	导弹剩余数: 7	状态: 待机发射
[时间:9000][状态]: '防守方2'	位于: (42, 20)	导弹剩余数: 7	状态: 待机发射
[时间:9000][状态]: '轰炸机[1:1:1]' 位于(12, 39)	状态: 等待起飞命令
[时间:9000][状态]: '轰炸机[1:1:2]' 位于(12, 39)	状态: 等待起飞命令
[时间:9000][状态]: '轰炸机[1:1:3]' 位于(12, 39)	状态: 等待起飞命令
[时间:9000][状态]: '轰炸机[1:1:4]' 位于(12, 39)	状态: 等待起飞命令
[时间:9000][状态]: '轰炸机[2:1:1]' 位于(18, 14)	状态: 前往军事目标
[时间:9000][状态]: '轰炸机[2:1:2]' 位于(18, 14)	状态: 前往军事目标
[时间:9000][状态]: '轰炸机[2:1:3]' 位于(18, 14)	状态: 前往军事目标
[时间:9000][状态]: '轰炸机[2:1:4]' 位于(18, 14)	状态: 前往军事目标
[时间:9000][状态]: '轰炸机[2:1:5]' 位于(18, 14)	状态: 前往军事目标
[时间:9000][状态]: '轰炸机[2:1:6]' 位于(18, 14)	状态: 前往军事目标
[时间:9000][状态]: '轰炸机[2:1:7]' 位于(18, 14)	状态: 前往军事目标
[时间:9000][状态]: '轰炸机[2:1:8]' 位于(18, 14)	状态: 前往军事目标
[时间:9000][状态]: '轰炸机[2:2:1]' 位于(9, 14)	状态: 等待起飞命令
[时间:9000][状态]: '轰炸机[2:2:2]' 位于(9, 14)	状态: 等待起飞命令
[时间:9000][状态]: '攻击方1': 位置: (12, 39)	待命: 4	起飞: 0	坠毁: 0	返航: 0	完成: 0
[时间:9000][状态]: '攻击方2': 位置: (9, 14)	待命: 2	起飞: 8	坠毁: 0	返航: 0	完成: 0
[时间:10000][状态]: '防守方1'	位于: (44, 41)	导弹剩余数: 7	状态: 待机发射
[时间:10000][状态]: '防守方2'	位于: (42, 20)	导弹剩余数: 7	状态: 待机发射
[时间:10000][状态]: '轰炸机[1:1:1]' 位于(12, 39)	状态: 等待起飞命令
[时间:10000][状态]: '轰炸机[1:1:2]' 位于(12, 39)	状态: 等待起飞命令
[时间:10000][状态]: '轰炸机[1:1:3]' 位于(12, 39)	状态: 等待起飞命令
[时间:10000][状态]: '轰炸机[1:1:4]' 位于(12, 39)	状态: 等待起飞命令
[时间:10000][状态]: '轰炸机[2:1:1]' 位于(21, 14)	状态: 前往军事目标
[时间:10000][状态]: '轰炸机[2:1:2]' 位于(21, 14)	状态: 前往军事目标
[时间:10000][状态]: '轰炸机[2:1:3]' 位于(21, 14)	状态: 前往军事目标
[时间:10000][状态]: '轰炸机[2:1:4]' 位于(21, 14)	状态: 前往军事目标
[时间:10000][状态]: '轰炸机[2:1:5]' 位于(21, 14)	状态: 前往军事目标
[时间:10000][状态]: '轰炸机[2:1:6]' 位于(21, 14)	状态: 前往军事目标
[时间:10000][状态]: '轰炸机[2:1:7]' 位于(21, 14)	状态: 前往军事目标
[时间:10000][状态]: '轰炸机[2:1:8]' 位于(21, 14)	状态: 前往军事目标
[时间:10000][状态]: '轰炸机[2:2:1]' 位于(9, 14)	状态: 等待起飞命令
[时间:10000][状态]: '轰炸机[2:2:2]' 位于(9, 14)	状态: 等待起飞命令
[时间:10000][状态]: '攻击方1': 位置: (12, 39)	待命: 4	起飞: 0	坠毁: 0	返航: 0	完成: 0
[时间:10000][状态]: '攻击方2': 位置: (9, 14)	待命: 2	起飞: 8	坠毁: 0	返航: 0	完成: 0
[时间:11000][状态]: '防守方1'	位于: (44, 41)	导弹剩余数: 7	状态: 待机发射
[时间:11000][状态]: '防守方2'	位于: (42, 20)	导弹剩余数: 7	状态: 待机发射
[时间:11000][状态]: '轰炸机[1:1:1]' 位于(12, 39)	状态: 等待起飞命令
[时间:11000][状态]: '轰炸机[1:1:2]' 位于(12, 39)	状态: 等待起飞命令
[时间:11000][状态]: '轰炸机[1:1:3]' 位于(12, 39)	状态: 等待起飞命令
[时间:11000][状态]: '轰炸机[1:1:4]' 位于(12, 39)	状态: 等待起飞命令
[时间:11000][状态]: '轰炸机[2:1:1]' 位于(24, 14)	状态: 前往军事目标
[时间:11000][状态]: '轰炸机[2:1:2]' 位于(24, 14)	状态: 前往军事目标
[时间:11000][状态]: '轰炸机[2:1:3]' 位于(24, 14)	状态: 前往军事目标
[时间:11000][状态]: '轰炸机[2:1:4]' 位于(24, 14)	状态: 前往军事目标
[时间:11000][状态]: '轰炸机[2:1:5]' 位于(24, 14)	状态: 前往军事目标
[时间:11000][状态]: '轰炸机[2:1:6]' 位于(24, 14)	状态: 前往军事目标
[时间:11000][状态]: '轰炸机[2:1:7]' 位于(24, 14)	状态: 前往军事目标
[时间:11000][状态]: '轰炸机[2:1:8]' 位于(24, 14)	状态: 前往军事目标
[时间:11000][状态]: '轰炸机[2:2:1]' 位于(9, 14)	状态: 等待起飞命令
[时间:11000][状态]: '轰炸机[2:2:2]' 位于(9, 14)	状态: 等待起飞命令
[时间:11000][状态]: '攻击方1': 位置: (12, 39)	待命: 4	起飞: 0	坠毁: 0	返航: 0	完成: 0
[时间:11000][状态]: '攻击方2': 位置: (9, 14)	待命: 2	起飞: 8	坠毁: 0	返航: 0	完成: 0
[时间:12000][状态]: '防守方1'	位于: (44, 41)	导弹剩余数: 7	状态: 待机发射
[时间:12000][状态]: '防守方2'	位于: (42, 20)	导弹剩余数: 7	状态: 待机发射
[时间:12000][状态]: '轰炸机[1:1:1]' 位于(12, 39)	状态: 等待起飞命令
[时间:12000][状态]: '轰炸机[1:1:2]' 位于(12, 39)	状态: 等待起飞命令
[时间:12000][状态]: '轰炸机[1:1:3]' 位于(12, 39)	状态: 等待起飞命令
[时间:12000][状态]: '轰炸机[1:1:4]' 位于(12, 39)	状态: 等待起飞命令
[时间:12000][状态]: '轰炸机[2:1:1]' 位于(27, 14)	状态: 前往军事目标
[时间:12000][状态]: '轰炸机[2:1:2]' 位于(27, 14)	状态: 前往军事目标
[时间:12000][状态]: '轰炸机[2:1:3]' 位于(27, 14)	状态: 前往军事目标
[时间:12000][状态]: '轰炸机[2:1:4]' 位于(27, 14)	状态: 前往军事目标
[时间:12000][状态]: '轰炸机[2:1:5]' 位于(27, 14)	状态: 前往军事目标
[时间:12000][状态]: '轰炸机[2:1:6]' 位于(27, 14)	状态: 前往军事目标
[时间:12000][状态]: '轰炸机[2:1:7]' 位于(27, 14)	状态: 前往军事目标
[时间:12000][状态]: '轰炸机[2:1:8]' 位于(27, 14)	状态: 前往军事目标
[时间:12000][状态]: '轰炸机[2:2:1]' 位于(9, 14)	状态: 等待起飞命令
[时间:12000][状态]: '轰炸机[2:2:2]' 位于(9, 14)	状态: 等待起飞命令
[时间:12000][状态]: '攻击方1': 位置: (12, 39)	待命: 4	起飞: 0	坠毁: 0	返航: 0	完成: 0
[时间:12000][状态]: '攻击方2': 位置: (9, 14)	待命: 2	起飞: 8	坠毁: 0	返航: 0	完成: 0
[时间:13000][状态]: '防守方1'	位于: (44, 41)	导弹剩余数: 7	状态: 待机发射
[时间:13000][状态]: '防守方2'	位于: (42, 20)	导弹剩余数: 7	状态: 待机发射
[时间:13000][事件]: '防守方2'计算出了拦截轰炸机 '轰炸机[2:1:1]' 的拦截位置: (38, 14), 现在发射导弹 '导弹[2:7]' 拦截该轰炸机! 
[时间:13000][事件]: '防守方2' 发射了导弹!
[时间:13000][状态]: '轰炸机[1:1:1]' 位于(12, 39)	状态: 等待起飞命令
[时间:13000][状态]: '轰炸机[1:1:2]' 位于(12, 39)	状态: 等待起飞命令
[时间:13000][状态]: '轰炸机[1:1:3]' 位于(12, 39)	状态: 等待起飞命令
[时间:13000][状态]: '轰炸机[1:1:4]' 位于(12, 39)	状态: 等待起飞命令
[时间:13000][状态]: '轰炸机[2:1:1]' 位于(30, 14)	状态: 前往军事目标
[时间:13000][状态]: '轰炸机[2:1:2]' 位于(30, 14)	状态: 前往军事目标
[时间:13000][状态]: '轰炸机[2:1:3]' 位于(30, 14)	状态: 前往军事目标
[时间:13000][状态]: '轰炸机[2:1:4]' 位于(30, 14)	状态: 前往军事目标
[时间:13000][状态]: '轰炸机[2:1:5]' 位于(30, 14)	状态: 前往军事目标
[时间:13000][状态]: '轰炸机[2:1:6]' 位于(30, 14)	状态: 前往军事目标
[时间:13000][状态]: '轰炸机[2:1:7]' 位于(30, 14)	状态: 前往军事目标
[时间:13000][状态]: '轰炸机[2:1:8]' 位于(30, 14)	状态: 前往军事目标
[时间:13000][状态]: '轰炸机[2:2:1]' 位于(9, 14)	状态: 等待起飞命令
[时间:13000][状态]: '轰炸机[2:2:2]' 位于(9, 14)	状态: 等待起飞命令
[时间:13000][状态]: '攻击方1': 位置: (12, 39)	待命: 4	起飞: 0	坠毁: 0	返航: 0	完成: 0
[时间:13000][状态]: '攻击方2': 位置: (9, 14)	待命: 2	起飞: 8	坠毁: 0	返航: 0	完成: 0
[时间:14000][状态]: '防守方1'	位于: (44, 41)	导弹剩余数: 7	状态: 待机发射
[时间:14000][状态]: '防守方2'	位于: (42, 20)	导弹剩余数: 6	状态: 发射导弹
[时间:14000][状态]: '轰炸机[1:1:1]' 位于(12, 39)	状态: 等待起飞命令
[时间:14000][状态]: '轰炸机[1:1:2]' 位于(12, 39)	状态: 等待起飞命令
[时间:14000][状态]: '轰炸机[1:1:3]' 位于(12, 39)	状态: 等待起飞命令
[时间:14000][状态]: '轰炸机[1:1:4]' 位于(12, 39)	状态: 等待起飞命令
[时间:14000][状态]: '轰炸机[2:1:1]' 位于(33, 14)	状态: 前往军事目标
[时间:14000][状态]: '轰炸机[2:1:2]' 位于(33, 14)	状态: 前往军事目标
[时间:14000][状态]: '轰炸机[2:1:3]' 位于(33, 14)	状态: 前往军事目标
[时间:14000][状态]: '轰炸机[2:1:4]' 位于(33, 14)	状态: 前往军事目标
[时间:14000][状态]: '轰炸机[2:1:5]' 位于(33, 14)	状态: 前往军事目标
[时间:14000][状态]: '轰炸机[2:1:6]' 位于(33, 14)	状态: 前往军事目标
[时间:14000][状态]: '轰炸机[2:1:7]' 位于(33, 14)	状态: 前往军事目标
[时间:14000][状态]: '轰炸机[2:1:8]' 位于(33, 14)	状态: 前往军事目标
[时间:14000][状态]: '轰炸机[2:2:1]' 位于(9, 14)	状态: 等待起飞命令
[时间:14000][状态]: '轰炸机[2:2:2]' 位于(9, 14)	状态: 等待起飞命令
[时间:14000][状态]: '攻击方1': 位置: (12, 39)	待命: 4	起飞: 0	坠毁: 0	返航: 0	完成: 0
[时间:14000][状态]: '攻击方2': 位置: (9, 14)	待命: 2	起飞: 8	坠毁: 0	返航: 0	完成: 0
[时间:15000][事件]: '导弹[2:7]' 在坐标: (38.671798822648626, 15.007698233972938)处拦截轰炸机 '轰炸机[2:1:1]' 失败!
[时间:15000][状态]: '防守方1'	位于: (44, 41)	导弹剩余数: 7	状态: 待机发射
[时间:15000][状态]: '防守方2'	位于: (42, 20)	导弹剩余数: 6	状态: 发射导弹
[时间:15000][状态]: '轰炸机[1:1:1]' 位于(12, 39)	状态: 等待起飞命令
[时间:15000][状态]: '轰炸机[1:1:2]' 位于(12, 39)	状态: 等待起飞命令
[时间:15000][状态]: '轰炸机[1:1:3]' 位于(12, 39)	状态: 等待起飞命令
[时间:15000][状态]: '轰炸机[1:1:4]' 位于(12, 39)	状态: 等待起飞命令
[时间:15000][状态]: '轰炸机[2:1:1]' 位于(36, 14)	状态: 前往军事目标
[时间:15000][状态]: '轰炸机[2:1:2]' 位于(36, 14)	状态: 前往军事目标
[时间:15000][状态]: '轰炸机[2:1:3]' 位于(36, 14)	状态: 前往军事目标
[时间:15000][状态]: '轰炸机[2:1:4]' 位于(36, 14)	状态: 前往军事目标
[时间:15000][状态]: '轰炸机[2:1:5]' 位于(36, 14)	状态: 前往军事目标
[时间:15000][状态]: '轰炸机[2:1:6]' 位于(36, 14)	状态: 前往军事目标
[时间:15000][状态]: '轰炸机[2:1:7]' 位于(36, 14)	状态: 前往军事目标
[时间:15000][状态]: '轰炸机[2:1:8]' 位于(36, 14)	状态: 前往军事目标
[时间:15000][状态]: '轰炸机[2:2:1]' 位于(9, 14)	状态: 等待起飞命令
[时间:15000][状态]: '轰炸机[2:2:2]' 位于(9, 14)	状态: 等待起飞命令
[时间:15000][状态]: '攻击方1': 位置: (12, 39)	待命: 4	起飞: 0	坠毁: 0	返航: 0	完成: 0
[时间:15000][事件]: '攻击方1'	派出了'轰炸机[1:1:1]'轰炸守方目标'军事目标1'!
[时间:15000][事件]: '轰炸机[1:1:1]' 前往目标 '军事目标1'!
[时间:15000][事件]: '攻击方1'	派出了'轰炸机[1:1:2]'轰炸守方目标'军事目标1'!
[时间:15000][事件]: '轰炸机[1:1:2]' 前往目标 '军事目标1'!
[时间:15000][事件]: '攻击方1'	派出了'轰炸机[1:1:3]'轰炸守方目标'军事目标1'!
[时间:15000][事件]: '轰炸机[1:1:3]' 前往目标 '军事目标1'!
[时间:15000][事件]: '攻击方1'	派出了'轰炸机[1:1:4]'轰炸守方目标'军事目标1'!
[时间:15000][事件]: '轰炸机[1:1:4]' 前往目标 '军事目标1'!
[时间:15000][状态]: '攻击方2': 位置: (9, 14)	待命: 2	起飞: 8	坠毁: 0	返航: 0	完成: 0
[时间:16000][事件]: '防守方2' 进入了待机发射状态!
[时间:16000][事件]: '导弹[2:7]' 拦截轰炸机 '轰炸机[2:1:1]' 的使命结束!
[时间:16000][状态]: '防守方1'	位于: (44, 41)	导弹剩余数: 7	状态: 待机发射
[时间:16000][状态]: '防守方2'	位于: (42, 20)	导弹剩余数: 6	状态: 待机发射
[时间:16000][事件]: '防守方2'计算出了拦截轰炸机 '轰炸机[2:1:1]' 的拦截位置: (38, 14), 现在发射导弹 '导弹[2:6]' 拦截该轰炸机! 
[时间:16000][事件]: '防守方2' 发射了导弹!
[时间:16000][状态]: '轰炸机[1:1:1]' 位于(12, 39)	状态: 前往军事目标
[时间:16000][状态]: '轰炸机[1:1:2]' 位于(12, 39)	状态: 前往军事目标
[时间:16000][状态]: '轰炸机[1:1:3]' 位于(12, 39)	状态: 前往军事目标
[时间:16000][状态]: '轰炸机[1:1:4]' 位于(12, 39)	状态: 前往军事目标
[时间:16000][状态]: '轰炸机[2:1:1]' 位于(39, 14)	状态: 前往军事目标
[时间:16000][事件]: '轰炸机[2:1:1]' 返回基地 '攻击方2'!
[时间:16000][状态]: '轰炸机[2:1:2]' 位于(39, 14)	状态: 前往军事目标
[时间:16000][事件]: '轰炸机[2:1:2]' 返回基地 '攻击方2'!
[时间:16000][状态]: '轰炸机[2:1:3]' 位于(39, 14)	状态: 前往军事目标
[时间:16000][事件]: '轰炸机[2:1:3]' 返回基地 '攻击方2'!
[时间:16000][状态]: '轰炸机[2:1:4]' 位于(39, 14)	状态: 前往军事目标
[时间:16000][事件]: '轰炸机[2:1:4]' 返回基地 '攻击方2'!
[时间:16000][状态]: '轰炸机[2:1:5]' 位于(39, 14)	状态: 前往军事目标
[时间:16000][事件]: '轰炸机[2:1:5]' 返回基地 '攻击方2'!
[时间:16000][状态]: '轰炸机[2:1:6]' 位于(39, 14)	状态: 前往军事目标
[时间:16000][事件]: '轰炸机[2:1:6]' 返回基地 '攻击方2'!
[时间:16000][状态]: '轰炸机[2:1:7]' 位于(39, 14)	状态: 前往军事目标
[时间:16000][事件]: '轰炸机[2:1:7]' 返回基地 '攻击方2'!
[时间:16000][状态]: '轰炸机[2:1:8]' 位于(39, 14)	状态: 前往军事目标
[时间:16000][事件]: '轰炸机[2:1:8]' 返回基地 '攻击方2'!
[时间:16000][状态]: '轰炸机[2:2:1]' 位于(9, 14)	状态: 等待起飞命令
[时间:16000][状态]: '轰炸机[2:2:2]' 位于(9, 14)	状态: 等待起飞命令
[时间:16000][状态]: '攻击方1': 位置: (12, 39)	待命: 0	起飞: 4	坠毁: 0	返航: 0	完成: 0
[时间:16000][状态]: '攻击方2': 位置: (9, 14)	待命: 2	起飞: 0	坠毁: 0	返航: 8	完成: 0
[时间:17000][状态]: '防守方1'	位于: (44, 41)	导弹剩余数: 7	状态: 待机发射
[时间:17000][状态]: '防守方2'	位于: (42, 20)	导弹剩余数: 5	状态: 发射导弹
[时间:17000][状态]: '轰炸机[1:1:1]' 位于(12.987241120712648, 38.840767561175383)	状态: 前往军事目标
[时间:17000][状态]: '轰炸机[1:1:2]' 位于(12.987241120712648, 38.840767561175383)	状态: 前往军事目标
[时间:17000][状态]: '轰炸机[1:1:3]' 位于(12.987241120712648, 38.840767561175383)	状态: 前往军事目标
[时间:17000][状态]: '轰炸机[1:1:4]' 位于(12.987241120712648, 38.840767561175383)	状态: 前往军事目标
[时间:17000][状态]: '轰炸机[2:1:1]' 位于(39, 14)	状态: 返回基地
[时间:17000][状态]: '轰炸机[2:1:2]' 位于(39, 14)	状态: 返回基地
[时间:17000][状态]: '轰炸机[2:1:3]' 位于(39, 14)	状态: 返回基地
[时间:17000][状态]: '轰炸机[2:1:4]' 位于(39, 14)	状态: 返回基地
[时间:17000][状态]: '轰炸机[2:1:5]' 位于(39, 14)	状态: 返回基地
[时间:17000][状态]: '轰炸机[2:1:6]' 位于(39, 14)	状态: 返回基地
[时间:17000][状态]: '轰炸机[2:1:7]' 位于(39, 14)	状态: 返回基地
[时间:17000][状态]: '轰炸机[2:1:8]' 位于(39, 14)	状态: 返回基地
[时间:17000][状态]: '轰炸机[2:2:1]' 位于(9, 14)	状态: 等待起飞命令
[时间:17000][状态]: '轰炸机[2:2:2]' 位于(9, 14)	状态: 等待起飞命令
[时间:17000][状态]: '攻击方1': 位置: (12, 39)	待命: 0	起飞: 4	坠毁: 0	返航: 0	完成: 0
[时间:17000][状态]: '攻击方2': 位置: (9, 14)	待命: 2	起飞: 0	坠毁: 0	返航: 8	完成: 0
[时间:18000][事件]: '轰炸机[2:1:1]' 被导弹击中, 坠毁位置: (36, 14), 轰炸守方军事目标 '军事目标2' 的任务失败!
[时间:18000][事件]: '导弹[2:6]' 在坐标: (38.671798822648626, 15.007698233972938)处成功拦截轰炸机 '轰炸机[2:1:1]'!
[时间:18000][状态]: '防守方1'	位于: (44, 41)	导弹剩余数: 7	状态: 待机发射
[时间:18000][状态]: '防守方2'	位于: (42, 20)	导弹剩余数: 5	状态: 发射导弹
[时间:18000][状态]: '轰炸机[1:1:1]' 位于(13.974482241425296, 38.681535122350766)	状态: 前往军事目标
[时间:18000][状态]: '轰炸机[1:1:2]' 位于(13.974482241425296, 38.681535122350766)	状态: 前往军事目标
[时间:18000][状态]: '轰炸机[1:1:3]' 位于(13.974482241425296, 38.681535122350766)	状态: 前往军事目标
[时间:18000][状态]: '轰炸机[1:1:4]' 位于(13.974482241425296, 38.681535122350766)	状态: 前往军事目标
[时间:18000][状态]: '轰炸机[2:1:1]' 位于(36, 14)	状态: 坠毁
[时间:18000][事件]: '轰炸机[2:1:1]' 轰炸守方军事目标 '攻击方2' 的使命结束!
[时间:18000][状态]: '轰炸机[2:1:2]' 位于(36, 14)	状态: 返回基地
[时间:18000][状态]: '轰炸机[2:1:3]' 位于(36, 14)	状态: 返回基地
[时间:18000][状态]: '轰炸机[2:1:4]' 位于(36, 14)	状态: 返回基地
[时间:18000][状态]: '轰炸机[2:1:5]' 位于(36, 14)	状态: 返回基地
[时间:18000][状态]: '轰炸机[2:1:6]' 位于(36, 14)	状态: 返回基地
[时间:18000][状态]: '轰炸机[2:1:7]' 位于(36, 14)	状态: 返回基地
[时间:18000][状态]: '轰炸机[2:1:8]' 位于(36, 14)	状态: 返回基地
[时间:18000][状态]: '轰炸机[2:2:1]' 位于(9, 14)	状态: 等待起飞命令
[时间:18000][状态]: '轰炸机[2:2:2]' 位于(9, 14)	状态: 等待起飞命令
[时间:18000][状态]: '攻击方1': 位置: (12, 39)	待命: 0	起飞: 4	坠毁: 0	返航: 0	完成: 0
[时间:18000][状态]: '攻击方2': 位置: (9, 14)	待命: 2	起飞: 0	坠毁: 0	返航: 7	完成: 1
[时间:19000][事件]: '防守方2' 进入了待机发射状态!
[时间:19000][事件]: '导弹[2:6]' 拦截轰炸机 '轰炸机[2:1:1]' 的使命结束!
[时间:19000][状态]: '防守方1'	位于: (44, 41)	导弹剩余数: 7	状态: 待机发射
[时间:19000][状态]: '防守方2'	位于: (42, 20)	导弹剩余数: 5	状态: 待机发射
[时间:19000][事件]: '防守方2'计算出了拦截轰炸机 '轰炸机[2:1:2]' 的拦截位置: (38, 14), 现在发射导弹 '导弹[2:5]' 拦截该轰炸机! 
[时间:19000][事件]: '防守方2' 发射了导弹!
[时间:19000][状态]: '轰炸机[1:1:1]' 位于(14.961723362137944, 38.522302683526149)	状态: 前往军事目标
[时间:19000][状态]: '轰炸机[1:1:2]' 位于(14.961723362137944, 38.522302683526149)	状态: 前往军事目标
[时间:19000][状态]: '轰炸机[1:1:3]' 位于(14.961723362137944, 38.522302683526149)	状态: 前往军事目标
[时间:19000][状态]: '轰炸机[1:1:4]' 位于(14.961723362137944, 38.522302683526149)	状态: 前往军事目标
[时间:19000][状态]: '轰炸机[2:1:1]' 位于(36, 14)	状态: 使命结束
[时间:19000][状态]: '轰炸机[2:1:2]' 位于(33, 14)	状态: 返回基地
[时间:19000][状态]: '轰炸机[2:1:3]' 位于(33, 14)	状态: 返回基地
[时间:19000][状态]: '轰炸机[2:1:4]' 位于(33, 14)	状态: 返回基地
[时间:19000][状态]: '轰炸机[2:1:5]' 位于(33, 14)	状态: 返回基地
[时间:19000][状态]: '轰炸机[2:1:6]' 位于(33, 14)	状态: 返回基地
[时间:19000][状态]: '轰炸机[2:1:7]' 位于(33, 14)	状态: 返回基地
[时间:19000][状态]: '轰炸机[2:1:8]' 位于(33, 14)	状态: 返回基地
[时间:19000][状态]: '轰炸机[2:2:1]' 位于(9, 14)	状态: 等待起飞命令
[时间:19000][状态]: '轰炸机[2:2:2]' 位于(9, 14)	状态: 等待起飞命令
[时间:19000][状态]: '攻击方1': 位置: (12, 39)	待命: 0	起飞: 4	坠毁: 0	返航: 0	完成: 0
[时间:19000][状态]: '攻击方2': 位置: (9, 14)	待命: 2	起飞: 0	坠毁: 0	返航: 7	完成: 1
[时间:20000][状态]: '防守方1'	位于: (44, 41)	导弹剩余数: 7	状态: 待机发射
[时间:20000][状态]: '防守方2'	位于: (42, 20)	导弹剩余数: 4	状态: 发射导弹
[时间:20000][状态]: '轰炸机[1:1:1]' 位于(15.948964482850592, 38.363070244701532)	状态: 前往军事目标
[时间:20000][状态]: '轰炸机[1:1:2]' 位于(15.948964482850592, 38.363070244701532)	状态: 前往军事目标
[时间:20000][状态]: '轰炸机[1:1:3]' 位于(15.948964482850592, 38.363070244701532)	状态: 前往军事目标
[时间:20000][状态]: '轰炸机[1:1:4]' 位于(15.948964482850592, 38.363070244701532)	状态: 前往军事目标
[时间:20000][状态]: '轰炸机[2:1:1]' 位于(36, 14)	状态: 使命结束
[时间:20000][状态]: '轰炸机[2:1:2]' 位于(30, 14)	状态: 返回基地
[时间:20000][状态]: '轰炸机[2:1:3]' 位于(30, 14)	状态: 返回基地
[时间:20000][状态]: '轰炸机[2:1:4]' 位于(30, 14)	状态: 返回基地
[时间:20000][状态]: '轰炸机[2:1:5]' 位于(30, 14)	状态: 返回基地
[时间:20000][状态]: '轰炸机[2:1:6]' 位于(30, 14)	状态: 返回基地
[时间:20000][状态]: '轰炸机[2:1:7]' 位于(30, 14)	状态: 返回基地
[时间:20000][状态]: '轰炸机[2:1:8]' 位于(30, 14)	状态: 返回基地
[时间:20000][状态]: '轰炸机[2:2:1]' 位于(9, 14)	状态: 等待起飞命令
[时间:20000][状态]: '轰炸机[2:2:2]' 位于(9, 14)	状态: 等待起飞命令
[时间:20000][状态]: '攻击方1': 位置: (12, 39)	待命: 0	起飞: 4	坠毁: 0	返航: 0	完成: 0
[时间:20000][状态]: '攻击方2': 位置: (9, 14)	待命: 2	起飞: 0	坠毁: 0	返航: 7	完成: 1
[时间:21000][状态]: '防守方1'	位于: (44, 41)	导弹剩余数: 7	状态: 待机发射
[时间:21000][状态]: '防守方2'	位于: (42, 20)	导弹剩余数: 4	状态: 发射导弹
[时间:21000][状态]: '轰炸机[1:1:1]' 位于(16.936205603563238, 38.203837805876915)	状态: 前往军事目标
[时间:21000][状态]: '轰炸机[1:1:2]' 位于(16.936205603563238, 38.203837805876915)	状态: 前往军事目标
[时间:21000][状态]: '轰炸机[1:1:3]' 位于(16.936205603563238, 38.203837805876915)	状态: 前往军事目标
[时间:21000][状态]: '轰炸机[1:1:4]' 位于(16.936205603563238, 38.203837805876915)	状态: 前往军事目标
[时间:21000][状态]: '轰炸机[2:1:1]' 位于(36, 14)	状态: 使命结束
[时间:21000][状态]: '轰炸机[2:1:2]' 位于(27, 14)	状态: 返回基地
[时间:21000][状态]: '轰炸机[2:1:3]' 位于(27, 14)	状态: 返回基地
[时间:21000][状态]: '轰炸机[2:1:4]' 位于(27, 14)	状态: 返回基地
[时间:21000][状态]: '轰炸机[2:1:5]' 位于(27, 14)	状态: 返回基地
[时间:21000][状态]: '轰炸机[2:1:6]' 位于(27, 14)	状态: 返回基地
[时间:21000][状态]: '轰炸机[2:1:7]' 位于(27, 14)	状态: 返回基地
[时间:21000][状态]: '轰炸机[2:1:8]' 位于(27, 14)	状态: 返回基地
[时间:21000][状态]: '轰炸机[2:2:1]' 位于(9, 14)	状态: 等待起飞命令
[时间:21000][状态]: '轰炸机[2:2:2]' 位于(9, 14)	状态: 等待起飞命令
[时间:21000][状态]: '攻击方1': 位置: (12, 39)	待命: 0	起飞: 4	坠毁: 0	返航: 0	完成: 0
[时间:21000][状态]: '攻击方2': 位置: (9, 14)	待命: 2	起飞: 0	坠毁: 0	返航: 7	完成: 1
[时间:22000][状态]: '防守方1'	位于: (44, 41)	导弹剩余数: 7	状态: 待机发射
[时间:22000][状态]: '防守方2'	位于: (42, 20)	导弹剩余数: 4	状态: 发射导弹
[时间:22000][状态]: '轰炸机[1:1:1]' 位于(17.923446724275884, 38.044605367052299)	状态: 前往军事目标
[时间:22000][状态]: '轰炸机[1:1:2]' 位于(17.923446724275884, 38.044605367052299)	状态: 前往军事目标
[时间:22000][状态]: '轰炸机[1:1:3]' 位于(17.923446724275884, 38.044605367052299)	状态: 前往军事目标
[时间:22000][状态]: '轰炸机[1:1:4]' 位于(17.923446724275884, 38.044605367052299)	状态: 前往军事目标
[时间:22000][状态]: '轰炸机[2:1:1]' 位于(36, 14)	状态: 使命结束
[时间:22000][状态]: '轰炸机[2:1:2]' 位于(24, 14)	状态: 返回基地
[时间:22000][状态]: '轰炸机[2:1:3]' 位于(24, 14)	状态: 返回基地
[时间:22000][状态]: '轰炸机[2:1:4]' 位于(24, 14)	状态: 返回基地
[时间:22000][状态]: '轰炸机[2:1:5]' 位于(24, 14)	状态: 返回基地
[时间:22000][状态]: '轰炸机[2:1:6]' 位于(24, 14)	状态: 返回基地
[时间:22000][状态]: '轰炸机[2:1:7]' 位于(24, 14)	状态: 返回基地
[时间:22000][状态]: '轰炸机[2:1:8]' 位于(24, 14)	状态: 返回基地
[时间:22000][状态]: '轰炸机[2:2:1]' 位于(9, 14)	状态: 等待起飞命令
[时间:22000][状态]: '轰炸机[2:2:2]' 位于(9, 14)	状态: 等待起飞命令
[时间:22000][状态]: '攻击方1': 位置: (12, 39)	待命: 0	起飞: 4	坠毁: 0	返航: 0	完成: 0
[时间:22000][状态]: '攻击方2': 位置: (9, 14)	待命: 2	起飞: 0	坠毁: 0	返航: 7	完成: 1
[时间:23000][状态]: '防守方1'	位于: (44, 41)	导弹剩余数: 7	状态: 待机发射
[时间:23000][状态]: '防守方2'	位于: (42, 20)	导弹剩余数: 4	状态: 发射导弹
[时间:23000][状态]: '轰炸机[1:1:1]' 位于(18.91068784498853, 37.885372928227682)	状态: 前往军事目标
[时间:23000][状态]: '轰炸机[1:1:2]' 位于(18.91068784498853, 37.885372928227682)	状态: 前往军事目标
[时间:23000][状态]: '轰炸机[1:1:3]' 位于(18.91068784498853, 37.885372928227682)	状态: 前往军事目标
[时间:23000][状态]: '轰炸机[1:1:4]' 位于(18.91068784498853, 37.885372928227682)	状态: 前往军事目标
[时间:23000][状态]: '轰炸机[2:1:1]' 位于(36, 14)	状态: 使命结束
[时间:23000][状态]: '轰炸机[2:1:2]' 位于(21, 14)	状态: 返回基地
[时间:23000][状态]: '轰炸机[2:1:3]' 位于(21, 14)	状态: 返回基地
[时间:23000][状态]: '轰炸机[2:1:4]' 位于(21, 14)	状态: 返回基地
[时间:23000][状态]: '轰炸机[2:1:5]' 位于(21, 14)	状态: 返回基地
[时间:23000][状态]: '轰炸机[2:1:6]' 位于(21, 14)	状态: 返回基地
[时间:23000][状态]: '轰炸机[2:1:7]' 位于(21, 14)	状态: 返回基地
[时间:23000][状态]: '轰炸机[2:1:8]' 位于(21, 14)	状态: 返回基地
[时间:23000][状态]: '轰炸机[2:2:1]' 位于(9, 14)	状态: 等待起飞命令
[时间:23000][状态]: '轰炸机[2:2:2]' 位于(9, 14)	状态: 等待起飞命令
[时间:23000][状态]: '攻击方1': 位置: (12, 39)	待命: 0	起飞: 4	坠毁: 0	返航: 0	完成: 0
[时间:23000][状态]: '攻击方2': 位置: (9, 14)	待命: 2	起飞: 0	坠毁: 0	返航: 7	完成: 1
[时间:24000][状态]: '防守方1'	位于: (44, 41)	导弹剩余数: 7	状态: 待机发射
[时间:24000][状态]: '防守方2'	位于: (42, 20)	导弹剩余数: 4	状态: 发射导弹
[时间:24000][状态]: '轰炸机[1:1:1]' 位于(19.897928965701176, 37.726140489403065)	状态: 前往军事目标
[时间:24000][状态]: '轰炸机[1:1:2]' 位于(19.897928965701176, 37.726140489403065)	状态: 前往军事目标
[时间:24000][状态]: '轰炸机[1:1:3]' 位于(19.897928965701176, 37.726140489403065)	状态: 前往军事目标
[时间:24000][状态]: '轰炸机[1:1:4]' 位于(19.897928965701176, 37.726140489403065)	状态: 前往军事目标
[时间:24000][状态]: '轰炸机[2:1:1]' 位于(36, 14)	状态: 使命结束
[时间:24000][状态]: '轰炸机[2:1:2]' 位于(18, 14)	状态: 返回基地
[时间:24000][状态]: '轰炸机[2:1:3]' 位于(18, 14)	状态: 返回基地
[时间:24000][状态]: '轰炸机[2:1:4]' 位于(18, 14)	状态: 返回基地
[时间:24000][状态]: '轰炸机[2:1:5]' 位于(18, 14)	状态: 返回基地
[时间:24000][状态]: '轰炸机[2:1:6]' 位于(18, 14)	状态: 返回基地
[时间:24000][状态]: '轰炸机[2:1:7]' 位于(18, 14)	状态: 返回基地
[时间:24000][状态]: '轰炸机[2:1:8]' 位于(18, 14)	状态: 返回基地
[时间:24000][状态]: '轰炸机[2:2:1]' 位于(9, 14)	状态: 等待起飞命令
[时间:24000][状态]: '轰炸机[2:2:2]' 位于(9, 14)	状态: 等待起飞命令
[时间:24000][状态]: '攻击方1': 位置: (12, 39)	待命: 0	起飞: 4	坠毁: 0	返航: 0	完成: 0
[时间:24000][状态]: '攻击方2': 位置: (9, 14)	待命: 2	起飞: 0	坠毁: 0	返航: 7	完成: 1
[时间:25000][事件]: '导弹[2:5]飞出了作战范围!'
[时间:25000][状态]: '防守方1'	位于: (44, 41)	导弹剩余数: 7	状态: 待机发射
[时间:25000][状态]: '防守方2'	位于: (42, 20)	导弹剩余数: 4	状态: 发射导弹
[时间:25000][状态]: '轰炸机[1:1:1]' 位于(20.885170086413822, 37.566908050578448)	状态: 前往军事目标
[时间:25000][状态]: '轰炸机[1:1:2]' 位于(20.885170086413822, 37.566908050578448)	状态: 前往军事目标
[时间:25000][状态]: '轰炸机[1:1:3]' 位于(20.885170086413822, 37.566908050578448)	状态: 前往军事目标
[时间:25000][状态]: '轰炸机[1:1:4]' 位于(20.885170086413822, 37.566908050578448)	状态: 前往军事目标
[时间:25000][状态]: '轰炸机[2:1:1]' 位于(36, 14)	状态: 使命结束
[时间:25000][状态]: '轰炸机[2:1:2]' 位于(15, 14)	状态: 返回基地
[时间:25000][状态]: '轰炸机[2:1:3]' 位于(15, 14)	状态: 返回基地
[时间:25000][状态]: '轰炸机[2:1:4]' 位于(15, 14)	状态: 返回基地
[时间:25000][状态]: '轰炸机[2:1:5]' 位于(15, 14)	状态: 返回基地
[时间:25000][状态]: '轰炸机[2:1:6]' 位于(15, 14)	状态: 返回基地
[时间:25000][状态]: '轰炸机[2:1:7]' 位于(15, 14)	状态: 返回基地
[时间:25000][状态]: '轰炸机[2:1:8]' 位于(15, 14)	状态: 返回基地
[时间:25000][状态]: '轰炸机[2:2:1]' 位于(9, 14)	状态: 等待起飞命令
[时间:25000][状态]: '轰炸机[2:2:2]' 位于(9, 14)	状态: 等待起飞命令
[时间:25000][状态]: '攻击方1': 位置: (12, 39)	待命: 0	起飞: 4	坠毁: 0	返航: 0	完成: 0
[时间:25000][状态]: '攻击方2': 位置: (9, 14)	待命: 2	起飞: 0	坠毁: 0	返航: 7	完成: 1
[时间:25000][事件]: '攻击方2'	派出了'轰炸机[2:2:1]'轰炸守方目标'军事目标2'!
[时间:25000][事件]: '轰炸机[2:2:1]' 前往目标 '军事目标2'!
[时间:25000][事件]: '攻击方2'	派出了'轰炸机[2:2:2]'轰炸守方目标'军事目标2'!
[时间:25000][事件]: '轰炸机[2:2:2]' 前往目标 '军事目标2'!
[时间:26000][事件]: '防守方2' 进入了待机发射状态!
[时间:26000][事件]: '导弹[2:5]' 拦截轰炸机 '轰炸机[2:1:2]' 的使命结束!
[时间:26000][状态]: '防守方1'	位于: (44, 41)	导弹剩余数: 7	状态: 待机发射
[时间:26000][状态]: '防守方2'	位于: (42, 20)	导弹剩余数: 4	状态: 待机发射
[时间:26000][状态]: '轰炸机[1:1:1]' 位于(21.872411207126468, 37.407675611753831)	状态: 前往军事目标
[时间:26000][状态]: '轰炸机[1:1:2]' 位于(21.872411207126468, 37.407675611753831)	状态: 前往军事目标
[时间:26000][状态]: '轰炸机[1:1:3]' 位于(21.872411207126468, 37.407675611753831)	状态: 前往军事目标
[时间:26000][状态]: '轰炸机[1:1:4]' 位于(21.872411207126468, 37.407675611753831)	状态: 前往军事目标
[时间:26000][状态]: '轰炸机[2:1:1]' 位于(36, 14)	状态: 使命结束
[时间:26000][状态]: '轰炸机[2:1:2]' 位于(12, 14)	状态: 返回基地
[时间:26000][状态]: '轰炸机[2:1:3]' 位于(12, 14)	状态: 返回基地
[时间:26000][状态]: '轰炸机[2:1:4]' 位于(12, 14)	状态: 返回基地
[时间:26000][状态]: '轰炸机[2:1:5]' 位于(12, 14)	状态: 返回基地
[时间:26000][状态]: '轰炸机[2:1:6]' 位于(12, 14)	状态: 返回基地
[时间:26000][状态]: '轰炸机[2:1:7]' 位于(12, 14)	状态: 返回基地
[时间:26000][状态]: '轰炸机[2:1:8]' 位于(12, 14)	状态: 返回基地
[时间:26000][状态]: '轰炸机[2:2:1]' 位于(9, 14)	状态: 前往军事目标
[时间:26000][状态]: '轰炸机[2:2:2]' 位于(9, 14)	状态: 前往军事目标
[时间:26000][状态]: '攻击方1': 位置: (12, 39)	待命: 0	起飞: 4	坠毁: 0	返航: 0	完成: 0
[时间:26000][状态]: '攻击方2': 位置: (9, 14)	待命: 0	起飞: 2	坠毁: 0	返航: 7	完成: 1
[时间:27000][状态]: '防守方1'	位于: (44, 41)	导弹剩余数: 7	状态: 待机发射
[时间:27000][状态]: '防守方2'	位于: (42, 20)	导弹剩余数: 4	状态: 待机发射
[时间:27000][状态]: '轰炸机[1:1:1]' 位于(22.859652327839115, 37.248443172929214)	状态: 前往军事目标
[时间:27000][状态]: '轰炸机[1:1:2]' 位于(22.859652327839115, 37.248443172929214)	状态: 前往军事目标
[时间:27000][状态]: '轰炸机[1:1:3]' 位于(22.859652327839115, 37.248443172929214)	状态: 前往军事目标
[时间:27000][状态]: '轰炸机[1:1:4]' 位于(22.859652327839115, 37.248443172929214)	状态: 前往军事目标
[时间:27000][状态]: '轰炸机[2:1:1]' 位于(36, 14)	状态: 使命结束
[时间:27000][状态]: '轰炸机[2:1:2]' 位于(9, 14)	状态: 返回基地
[时间:27000][事件]: '轰炸机[2:1:2]' 轰炸守方军事目标 '攻击方2' 的使命结束!
[时间:27000][状态]: '轰炸机[2:1:3]' 位于(9, 14)	状态: 返回基地
[时间:27000][事件]: '轰炸机[2:1:3]' 轰炸守方军事目标 '攻击方2' 的使命结束!
[时间:27000][状态]: '轰炸机[2:1:4]' 位于(9, 14)	状态: 返回基地
[时间:27000][事件]: '轰炸机[2:1:4]' 轰炸守方军事目标 '攻击方2' 的使命结束!
[时间:27000][状态]: '轰炸机[2:1:5]' 位于(9, 14)	状态: 返回基地
[时间:27000][事件]: '轰炸机[2:1:5]' 轰炸守方军事目标 '攻击方2' 的使命结束!
[时间:27000][状态]: '轰炸机[2:1:6]' 位于(9, 14)	状态: 返回基地
[时间:27000][事件]: '轰炸机[2:1:6]' 轰炸守方军事目标 '攻击方2' 的使命结束!
[时间:27000][状态]: '轰炸机[2:1:7]' 位于(9, 14)	状态: 返回基地
[时间:27000][事件]: '轰炸机[2:1:7]' 轰炸守方军事目标 '攻击方2' 的使命结束!
[时间:27000][状态]: '轰炸机[2:1:8]' 位于(9, 14)	状态: 返回基地
[时间:27000][事件]: '轰炸机[2:1:8]' 轰炸守方军事目标 '攻击方2' 的使命结束!
[时间:27000][状态]: '轰炸机[2:2:1]' 位于(10, 14)	状态: 前往军事目标
[时间:27000][状态]: '轰炸机[2:2:2]' 位于(10, 14)	状态: 前往军事目标
[时间:27000][状态]: '攻击方1': 位置: (12, 39)	待命: 0	起飞: 4	坠毁: 0	返航: 0	完成: 0
[时间:27000][状态]: '攻击方2': 位置: (9, 14)	待命: 0	起飞: 2	坠毁: 0	返航: 0	完成: 8
[时间:28000][状态]: '防守方1'	位于: (44, 41)	导弹剩余数: 7	状态: 待机发射
[时间:28000][状态]: '防守方2'	位于: (42, 20)	导弹剩余数: 4	状态: 待机发射
[时间:28000][状态]: '轰炸机[1:1:1]' 位于(23.846893448551761, 37.089210734104597)	状态: 前往军事目标
[时间:28000][状态]: '轰炸机[1:1:2]' 位于(23.846893448551761, 37.089210734104597)	状态: 前往军事目标
[时间:28000][状态]: '轰炸机[1:1:3]' 位于(23.846893448551761, 37.089210734104597)	状态: 前往军事目标
[时间:28000][状态]: '轰炸机[1:1:4]' 位于(23.846893448551761, 37.089210734104597)	状态: 前往军事目标
[时间:28000][状态]: '轰炸机[2:1:1]' 位于(36, 14)	状态: 使命结束
[时间:28000][状态]: '轰炸机[2:1:2]' 位于(9, 14)	状态: 使命结束
[时间:28000][状态]: '轰炸机[2:1:3]' 位于(9, 14)	状态: 使命结束
[时间:28000][状态]: '轰炸机[2:1:4]' 位于(9, 14)	状态: 使命结束
[时间:28000][状态]: '轰炸机[2:1:5]' 位于(9, 14)	状态: 使命结束
[时间:28000][状态]: '轰炸机[2:1:6]' 位于(9, 14)	状态: 使命结束
[时间:28000][状态]: '轰炸机[2:1:7]' 位于(9, 14)	状态: 使命结束
[时间:28000][状态]: '轰炸机[2:1:8]' 位于(9, 14)	状态: 使命结束
[时间:28000][状态]: '轰炸机[2:2:1]' 位于(11, 14)	状态: 前往军事目标
[时间:28000][状态]: '轰炸机[2:2:2]' 位于(11, 14)	状态: 前往军事目标
[时间:28000][状态]: '攻击方1': 位置: (12, 39)	待命: 0	起飞: 4	坠毁: 0	返航: 0	完成: 0
[时间:28000][状态]: '攻击方2': 位置: (9, 14)	待命: 0	起飞: 2	坠毁: 0	返航: 0	完成: 8
[时间:29000][状态]: '防守方1'	位于: (44, 41)	导弹剩余数: 7	状态: 待机发射
[时间:29000][状态]: '防守方2'	位于: (42, 20)	导弹剩余数: 4	状态: 待机发射
[时间:29000][状态]: '轰炸机[1:1:1]' 位于(24.834134569264407, 36.92997829527998)	状态: 前往军事目标
[时间:29000][状态]: '轰炸机[1:1:2]' 位于(24.834134569264407, 36.92997829527998)	状态: 前往军事目标
[时间:29000][状态]: '轰炸机[1:1:3]' 位于(24.834134569264407, 36.92997829527998)	状态: 前往军事目标
[时间:29000][状态]: '轰炸机[1:1:4]' 位于(24.834134569264407, 36.92997829527998)	状态: 前往军事目标
[时间:29000][状态]: '轰炸机[2:1:1]' 位于(36, 14)	状态: 使命结束
[时间:29000][状态]: '轰炸机[2:1:2]' 位于(9, 14)	状态: 使命结束
[时间:29000][状态]: '轰炸机[2:1:3]' 位于(9, 14)	状态: 使命结束
[时间:29000][状态]: '轰炸机[2:1:4]' 位于(9, 14)	状态: 使命结束
[时间:29000][状态]: '轰炸机[2:1:5]' 位于(9, 14)	状态: 使命结束
[时间:29000][状态]: '轰炸机[2:1:6]' 位于(9, 14)	状态: 使命结束
[时间:29000][状态]: '轰炸机[2:1:7]' 位于(9, 14)	状态: 使命结束
[时间:29000][状态]: '轰炸机[2:1:8]' 位于(9, 14)	状态: 使命结束
[时间:29000][状态]: '轰炸机[2:2:1]' 位于(12, 14)	状态: 前往军事目标
[时间:29000][状态]: '轰炸机[2:2:2]' 位于(12, 14)	状态: 前往军事目标
[时间:29000][状态]: '攻击方1': 位置: (12, 39)	待命: 0	起飞: 4	坠毁: 0	返航: 0	完成: 0
[时间:29000][状态]: '攻击方2': 位置: (9, 14)	待命: 0	起飞: 2	坠毁: 0	返航: 0	完成: 8
[时间:30000][状态]: '防守方1'	位于: (44, 41)	导弹剩余数: 7	状态: 待机发射
[时间:30000][状态]: '防守方2'	位于: (42, 20)	导弹剩余数: 4	状态: 待机发射
[时间:30000][状态]: '轰炸机[1:1:1]' 位于(25.821375689977053, 36.770745856455363)	状态: 前往军事目标
[时间:30000][状态]: '轰炸机[1:1:2]' 位于(25.821375689977053, 36.770745856455363)	状态: 前往军事目标
[时间:30000][状态]: '轰炸机[1:1:3]' 位于(25.821375689977053, 36.770745856455363)	状态: 前往军事目标
[时间:30000][状态]: '轰炸机[1:1:4]' 位于(25.821375689977053, 36.770745856455363)	状态: 前往军事目标
[时间:30000][状态]: '轰炸机[2:1:1]' 位于(36, 14)	状态: 使命结束
[时间:30000][状态]: '轰炸机[2:1:2]' 位于(9, 14)	状态: 使命结束
[时间:30000][状态]: '轰炸机[2:1:3]' 位于(9, 14)	状态: 使命结束
[时间:30000][状态]: '轰炸机[2:1:4]' 位于(9, 14)	状态: 使命结束
[时间:30000][状态]: '轰炸机[2:1:5]' 位于(9, 14)	状态: 使命结束
[时间:30000][状态]: '轰炸机[2:1:6]' 位于(9, 14)	状态: 使命结束
[时间:30000][状态]: '轰炸机[2:1:7]' 位于(9, 14)	状态: 使命结束
[时间:30000][状态]: '轰炸机[2:1:8]' 位于(9, 14)	状态: 使命结束
[时间:30000][状态]: '轰炸机[2:2:1]' 位于(13, 14)	状态: 前往军事目标
[时间:30000][状态]: '轰炸机[2:2:2]' 位于(13, 14)	状态: 前往军事目标
[时间:30000][状态]: '攻击方1': 位置: (12, 39)	待命: 0	起飞: 4	坠毁: 0	返航: 0	完成: 0
[时间:30000][状态]: '攻击方2': 位置: (9, 14)	待命: 0	起飞: 2	坠毁: 0	返航: 0	完成: 8
[时间:31000][状态]: '防守方1'	位于: (44, 41)	导弹剩余数: 7	状态: 待机发射
[时间:31000][状态]: '防守方2'	位于: (42, 20)	导弹剩余数: 4	状态: 待机发射
[时间:31000][状态]: '轰炸机[1:1:1]' 位于(26.808616810689699, 36.611513417630746)	状态: 前往军事目标
[时间:31000][状态]: '轰炸机[1:1:2]' 位于(26.808616810689699, 36.611513417630746)	状态: 前往军事目标
[时间:31000][状态]: '轰炸机[1:1:3]' 位于(26.808616810689699, 36.611513417630746)	状态: 前往军事目标
[时间:31000][状态]: '轰炸机[1:1:4]' 位于(26.808616810689699, 36.611513417630746)	状态: 前往军事目标
[时间:31000][状态]: '轰炸机[2:1:1]' 位于(36, 14)	状态: 使命结束
[时间:31000][状态]: '轰炸机[2:1:2]' 位于(9, 14)	状态: 使命结束
[时间:31000][状态]: '轰炸机[2:1:3]' 位于(9, 14)	状态: 使命结束
[时间:31000][状态]: '轰炸机[2:1:4]' 位于(9, 14)	状态: 使命结束
[时间:31000][状态]: '轰炸机[2:1:5]' 位于(9, 14)	状态: 使命结束
[时间:31000][状态]: '轰炸机[2:1:6]' 位于(9, 14)	状态: 使命结束
[时间:31000][状态]: '轰炸机[2:1:7]' 位于(9, 14)	状态: 使命结束
[时间:31000][状态]: '轰炸机[2:1:8]' 位于(9, 14)	状态: 使命结束
[时间:31000][状态]: '轰炸机[2:2:1]' 位于(14, 14)	状态: 前往军事目标
[时间:31000][状态]: '轰炸机[2:2:2]' 位于(14, 14)	状态: 前往军事目标
[时间:31000][状态]: '攻击方1': 位置: (12, 39)	待命: 0	起飞: 4	坠毁: 0	返航: 0	完成: 0
[时间:31000][状态]: '攻击方2': 位置: (9, 14)	待命: 0	起飞: 2	坠毁: 0	返航: 0	完成: 8
[时间:32000][状态]: '防守方1'	位于: (44, 41)	导弹剩余数: 7	状态: 待机发射
[时间:32000][状态]: '防守方2'	位于: (42, 20)	导弹剩余数: 4	状态: 待机发射
[时间:32000][状态]: '轰炸机[1:1:1]' 位于(27.795857931402345, 36.452280978806129)	状态: 前往军事目标
[时间:32000][状态]: '轰炸机[1:1:2]' 位于(27.795857931402345, 36.452280978806129)	状态: 前往军事目标
[时间:32000][状态]: '轰炸机[1:1:3]' 位于(27.795857931402345, 36.452280978806129)	状态: 前往军事目标
[时间:32000][状态]: '轰炸机[1:1:4]' 位于(27.795857931402345, 36.452280978806129)	状态: 前往军事目标
[时间:32000][状态]: '轰炸机[2:1:1]' 位于(36, 14)	状态: 使命结束
[时间:32000][状态]: '轰炸机[2:1:2]' 位于(9, 14)	状态: 使命结束
[时间:32000][状态]: '轰炸机[2:1:3]' 位于(9, 14)	状态: 使命结束
[时间:32000][状态]: '轰炸机[2:1:4]' 位于(9, 14)	状态: 使命结束
[时间:32000][状态]: '轰炸机[2:1:5]' 位于(9, 14)	状态: 使命结束
[时间:32000][状态]: '轰炸机[2:1:6]' 位于(9, 14)	状态: 使命结束
[时间:32000][状态]: '轰炸机[2:1:7]' 位于(9, 14)	状态: 使命结束
[时间:32000][状态]: '轰炸机[2:1:8]' 位于(9, 14)	状态: 使命结束
[时间:32000][状态]: '轰炸机[2:2:1]' 位于(15, 14)	状态: 前往军事目标
[时间:32000][状态]: '轰炸机[2:2:2]' 位于(15, 14)	状态: 前往军事目标
[时间:32000][状态]: '攻击方1': 位置: (12, 39)	待命: 0	起飞: 4	坠毁: 0	返航: 0	完成: 0
[时间:32000][状态]: '攻击方2': 位置: (9, 14)	待命: 0	起飞: 2	坠毁: 0	返航: 0	完成: 8
[时间:33000][状态]: '防守方1'	位于: (44, 41)	导弹剩余数: 7	状态: 待机发射
[时间:33000][状态]: '防守方2'	位于: (42, 20)	导弹剩余数: 4	状态: 待机发射
[时间:33000][状态]: '轰炸机[1:1:1]' 位于(28.783099052114991, 36.293048539981513)	状态: 前往军事目标
[时间:33000][状态]: '轰炸机[1:1:2]' 位于(28.783099052114991, 36.293048539981513)	状态: 前往军事目标
[时间:33000][状态]: '轰炸机[1:1:3]' 位于(28.783099052114991, 36.293048539981513)	状态: 前往军事目标
[时间:33000][状态]: '轰炸机[1:1:4]' 位于(28.783099052114991, 36.293048539981513)	状态: 前往军事目标
[时间:33000][状态]: '轰炸机[2:1:1]' 位于(36, 14)	状态: 使命结束
[时间:33000][状态]: '轰炸机[2:1:2]' 位于(9, 14)	状态: 使命结束
[时间:33000][状态]: '轰炸机[2:1:3]' 位于(9, 14)	状态: 使命结束
[时间:33000][状态]: '轰炸机[2:1:4]' 位于(9, 14)	状态: 使命结束
[时间:33000][状态]: '轰炸机[2:1:5]' 位于(9, 14)	状态: 使命结束
[时间:33000][状态]: '轰炸机[2:1:6]' 位于(9, 14)	状态: 使命结束
[时间:33000][状态]: '轰炸机[2:1:7]' 位于(9, 14)	状态: 使命结束
[时间:33000][状态]: '轰炸机[2:1:8]' 位于(9, 14)	状态: 使命结束
[时间:33000][状态]: '轰炸机[2:2:1]' 位于(16, 14)	状态: 前往军事目标
[时间:33000][状态]: '轰炸机[2:2:2]' 位于(16, 14)	状态: 前往军事目标
[时间:33000][状态]: '攻击方1': 位置: (12, 39)	待命: 0	起飞: 4	坠毁: 0	返航: 0	完成: 0
[时间:33000][状态]: '攻击方2': 位置: (9, 14)	待命: 0	起飞: 2	坠毁: 0	返航: 0	完成: 8
[时间:34000][状态]: '防守方1'	位于: (44, 41)	导弹剩余数: 7	状态: 待机发射
[时间:34000][状态]: '防守方2'	位于: (42, 20)	导弹剩余数: 4	状态: 待机发射
[时间:34000][状态]: '轰炸机[1:1:1]' 位于(29.770340172827638, 36.133816101156896)	状态: 前往军事目标
[时间:34000][状态]: '轰炸机[1:1:2]' 位于(29.770340172827638, 36.133816101156896)	状态: 前往军事目标
[时间:34000][状态]: '轰炸机[1:1:3]' 位于(29.770340172827638, 36.133816101156896)	状态: 前往军事目标
[时间:34000][状态]: '轰炸机[1:1:4]' 位于(29.770340172827638, 36.133816101156896)	状态: 前往军事目标
[时间:34000][状态]: '轰炸机[2:1:1]' 位于(36, 14)	状态: 使命结束
[时间:34000][状态]: '轰炸机[2:1:2]' 位于(9, 14)	状态: 使命结束
[时间:34000][状态]: '轰炸机[2:1:3]' 位于(9, 14)	状态: 使命结束
[时间:34000][状态]: '轰炸机[2:1:4]' 位于(9, 14)	状态: 使命结束
[时间:34000][状态]: '轰炸机[2:1:5]' 位于(9, 14)	状态: 使命结束
[时间:34000][状态]: '轰炸机[2:1:6]' 位于(9, 14)	状态: 使命结束
[时间:34000][状态]: '轰炸机[2:1:7]' 位于(9, 14)	状态: 使命结束
[时间:34000][状态]: '轰炸机[2:1:8]' 位于(9, 14)	状态: 使命结束
[时间:34000][状态]: '轰炸机[2:2:1]' 位于(17, 14)	状态: 前往军事目标
[时间:34000][状态]: '轰炸机[2:2:2]' 位于(17, 14)	状态: 前往军事目标
[时间:34000][状态]: '攻击方1': 位置: (12, 39)	待命: 0	起飞: 4	坠毁: 0	返航: 0	完成: 0
[时间:34000][状态]: '攻击方2': 位置: (9, 14)	待命: 0	起飞: 2	坠毁: 0	返航: 0	完成: 8
[时间:35000][状态]: '防守方1'	位于: (44, 41)	导弹剩余数: 7	状态: 待机发射
[时间:35000][事件]: '防守方1'计算出了拦截轰炸机 '轰炸机[1:1:1]' 的拦截位置: (34.413607240072132, 35.384902058052951), 现在发射导弹 '导弹[1:7]' 拦截该轰炸机! 
[时间:35000][事件]: '防守方1' 发射了导弹!
[时间:35000][状态]: '防守方2'	位于: (42, 20)	导弹剩余数: 4	状态: 待机发射
[时间:35000][状态]: '轰炸机[1:1:1]' 位于(30.757581293540284, 35.974583662332279)	状态: 前往军事目标
[时间:35000][状态]: '轰炸机[1:1:2]' 位于(30.757581293540284, 35.974583662332279)	状态: 前往军事目标
[时间:35000][状态]: '轰炸机[1:1:3]' 位于(30.757581293540284, 35.974583662332279)	状态: 前往军事目标
[时间:35000][状态]: '轰炸机[1:1:4]' 位于(30.757581293540284, 35.974583662332279)	状态: 前往军事目标
[时间:35000][状态]: '轰炸机[2:1:1]' 位于(36, 14)	状态: 使命结束
[时间:35000][状态]: '轰炸机[2:1:2]' 位于(9, 14)	状态: 使命结束
[时间:35000][状态]: '轰炸机[2:1:3]' 位于(9, 14)	状态: 使命结束
[时间:35000][状态]: '轰炸机[2:1:4]' 位于(9, 14)	状态: 使命结束
[时间:35000][状态]: '轰炸机[2:1:5]' 位于(9, 14)	状态: 使命结束
[时间:35000][状态]: '轰炸机[2:1:6]' 位于(9, 14)	状态: 使命结束
[时间:35000][状态]: '轰炸机[2:1:7]' 位于(9, 14)	状态: 使命结束
[时间:35000][状态]: '轰炸机[2:1:8]' 位于(9, 14)	状态: 使命结束
[时间:35000][状态]: '轰炸机[2:2:1]' 位于(18, 14)	状态: 前往军事目标
[时间:35000][状态]: '轰炸机[2:2:2]' 位于(18, 14)	状态: 前往军事目标
[时间:35000][状态]: '攻击方1': 位置: (12, 39)	待命: 0	起飞: 4	坠毁: 0	返航: 0	完成: 0
[时间:35000][状态]: '攻击方2': 位置: (9, 14)	待命: 0	起飞: 2	坠毁: 0	返航: 0	完成: 8
[时间:36000][状态]: '防守方1'	位于: (44, 41)	导弹剩余数: 6	状态: 发射导弹
[时间:36000][状态]: '防守方2'	位于: (42, 20)	导弹剩余数: 4	状态: 待机发射
[时间:36000][状态]: '轰炸机[1:1:1]' 位于(31.74482241425293, 35.815351223507662)	状态: 前往军事目标
[时间:36000][状态]: '轰炸机[1:1:2]' 位于(31.74482241425293, 35.815351223507662)	状态: 前往军事目标
[时间:36000][状态]: '轰炸机[1:1:3]' 位于(31.74482241425293, 35.815351223507662)	状态: 前往军事目标
[时间:36000][状态]: '轰炸机[1:1:4]' 位于(31.74482241425293, 35.815351223507662)	状态: 前往军事目标
[时间:36000][状态]: '轰炸机[2:1:1]' 位于(36, 14)	状态: 使命结束
[时间:36000][状态]: '轰炸机[2:1:2]' 位于(9, 14)	状态: 使命结束
[时间:36000][状态]: '轰炸机[2:1:3]' 位于(9, 14)	状态: 使命结束
[时间:36000][状态]: '轰炸机[2:1:4]' 位于(9, 14)	状态: 使命结束
[时间:36000][状态]: '轰炸机[2:1:5]' 位于(9, 14)	状态: 使命结束
[时间:36000][状态]: '轰炸机[2:1:6]' 位于(9, 14)	状态: 使命结束
[时间:36000][状态]: '轰炸机[2:1:7]' 位于(9, 14)	状态: 使命结束
[时间:36000][状态]: '轰炸机[2:1:8]' 位于(9, 14)	状态: 使命结束
[时间:36000][状态]: '轰炸机[2:2:1]' 位于(19, 14)	状态: 前往军事目标
[时间:36000][状态]: '轰炸机[2:2:2]' 位于(19, 14)	状态: 前往军事目标
[时间:36000][状态]: '攻击方1': 位置: (12, 39)	待命: 0	起飞: 4	坠毁: 0	返航: 0	完成: 0
[时间:36000][状态]: '攻击方2': 位置: (9, 14)	待命: 0	起飞: 2	坠毁: 0	返航: 0	完成: 8
[时间:37000][状态]: '防守方1'	位于: (44, 41)	导弹剩余数: 6	状态: 发射导弹
[时间:37000][状态]: '防守方2'	位于: (42, 20)	导弹剩余数: 4	状态: 待机发射
[时间:37000][状态]: '轰炸机[1:1:1]' 位于(32.732063534965576, 35.656118784683045)	状态: 前往军事目标
[时间:37000][状态]: '轰炸机[1:1:2]' 位于(32.732063534965576, 35.656118784683045)	状态: 前往军事目标
[时间:37000][状态]: '轰炸机[1:1:3]' 位于(32.732063534965576, 35.656118784683045)	状态: 前往军事目标
[时间:37000][状态]: '轰炸机[1:1:4]' 位于(32.732063534965576, 35.656118784683045)	状态: 前往军事目标
[时间:37000][状态]: '轰炸机[2:1:1]' 位于(36, 14)	状态: 使命结束
[时间:37000][状态]: '轰炸机[2:1:2]' 位于(9, 14)	状态: 使命结束
[时间:37000][状态]: '轰炸机[2:1:3]' 位于(9, 14)	状态: 使命结束
[时间:37000][状态]: '轰炸机[2:1:4]' 位于(9, 14)	状态: 使命结束
[时间:37000][状态]: '轰炸机[2:1:5]' 位于(9, 14)	状态: 使命结束
[时间:37000][状态]: '轰炸机[2:1:6]' 位于(9, 14)	状态: 使命结束
[时间:37000][状态]: '轰炸机[2:1:7]' 位于(9, 14)	状态: 使命结束
[时间:37000][状态]: '轰炸机[2:1:8]' 位于(9, 14)	状态: 使命结束
[时间:37000][状态]: '轰炸机[2:2:1]' 位于(20, 14)	状态: 前往军事目标
[时间:37000][状态]: '轰炸机[2:2:2]' 位于(20, 14)	状态: 前往军事目标
[时间:37000][状态]: '攻击方1': 位置: (12, 39)	待命: 0	起飞: 4	坠毁: 0	返航: 0	完成: 0
[时间:37000][状态]: '攻击方2': 位置: (9, 14)	待命: 0	起飞: 2	坠毁: 0	返航: 0	完成: 8
[时间:38000][事件]: '导弹[1:7]' 在坐标: (36.234124207285326, 36.451244876658208)处拦截轰炸机 '轰炸机[1:1:1]' 失败!
[时间:38000][状态]: '防守方1'	位于: (44, 41)	导弹剩余数: 6	状态: 发射导弹
[时间:38000][状态]: '防守方2'	位于: (42, 20)	导弹剩余数: 4	状态: 待机发射
[时间:38000][状态]: '轰炸机[1:1:1]' 位于(33.719304655678222, 35.496886345858428)	状态: 前往军事目标
[时间:38000][状态]: '轰炸机[1:1:2]' 位于(33.719304655678222, 35.496886345858428)	状态: 前往军事目标
[时间:38000][状态]: '轰炸机[1:1:3]' 位于(33.719304655678222, 35.496886345858428)	状态: 前往军事目标
[时间:38000][状态]: '轰炸机[1:1:4]' 位于(33.719304655678222, 35.496886345858428)	状态: 前往军事目标
[时间:38000][状态]: '轰炸机[2:1:1]' 位于(36, 14)	状态: 使命结束
[时间:38000][状态]: '轰炸机[2:1:2]' 位于(9, 14)	状态: 使命结束
[时间:38000][状态]: '轰炸机[2:1:3]' 位于(9, 14)	状态: 使命结束
[时间:38000][状态]: '轰炸机[2:1:4]' 位于(9, 14)	状态: 使命结束
[时间:38000][状态]: '轰炸机[2:1:5]' 位于(9, 14)	状态: 使命结束
[时间:38000][状态]: '轰炸机[2:1:6]' 位于(9, 14)	状态: 使命结束
[时间:38000][状态]: '轰炸机[2:1:7]' 位于(9, 14)	状态: 使命结束
[时间:38000][状态]: '轰炸机[2:1:8]' 位于(9, 14)	状态: 使命结束
[时间:38000][状态]: '轰炸机[2:2:1]' 位于(21, 14)	状态: 前往军事目标
[时间:38000][状态]: '轰炸机[2:2:2]' 位于(21, 14)	状态: 前往军事目标
[时间:38000][状态]: '攻击方1': 位置: (12, 39)	待命: 0	起飞: 4	坠毁: 0	返航: 0	完成: 0
[时间:38000][状态]: '攻击方2': 位置: (9, 14)	待命: 0	起飞: 2	坠毁: 0	返航: 0	完成: 8
[时间:39000][事件]: '防守方1' 进入了待机发射状态!
[时间:39000][事件]: '导弹[1:7]' 拦截轰炸机 '轰炸机[1:1:1]' 的使命结束!
[时间:39000][状态]: '防守方1'	位于: (44, 41)	导弹剩余数: 6	状态: 待机发射
[时间:39000][事件]: '防守方1'计算出了拦截轰炸机 '轰炸机[1:1:1]' 的拦截位置: (37.618880349859566, 34.867922524216283), 现在发射导弹 '导弹[1:6]' 拦截该轰炸机! 
[时间:39000][事件]: '防守方1' 发射了导弹!
[时间:39000][状态]: '防守方2'	位于: (42, 20)	导弹剩余数: 4	状态: 待机发射
[时间:39000][状态]: '轰炸机[1:1:1]' 位于(34.706545776390868, 35.337653907033811)	状态: 前往军事目标
[时间:39000][状态]: '轰炸机[1:1:2]' 位于(34.706545776390868, 35.337653907033811)	状态: 前往军事目标
[时间:39000][状态]: '轰炸机[1:1:3]' 位于(34.706545776390868, 35.337653907033811)	状态: 前往军事目标
[时间:39000][状态]: '轰炸机[1:1:4]' 位于(34.706545776390868, 35.337653907033811)	状态: 前往军事目标
[时间:39000][状态]: '轰炸机[2:1:1]' 位于(36, 14)	状态: 使命结束
[时间:39000][状态]: '轰炸机[2:1:2]' 位于(9, 14)	状态: 使命结束
[时间:39000][状态]: '轰炸机[2:1:3]' 位于(9, 14)	状态: 使命结束
[时间:39000][状态]: '轰炸机[2:1:4]' 位于(9, 14)	状态: 使命结束
[时间:39000][状态]: '轰炸机[2:1:5]' 位于(9, 14)	状态: 使命结束
[时间:39000][状态]: '轰炸机[2:1:6]' 位于(9, 14)	状态: 使命结束
[时间:39000][状态]: '轰炸机[2:1:7]' 位于(9, 14)	状态: 使命结束
[时间:39000][状态]: '轰炸机[2:1:8]' 位于(9, 14)	状态: 使命结束
[时间:39000][状态]: '轰炸机[2:2:1]' 位于(22, 14)	状态: 前往军事目标
[时间:39000][状态]: '轰炸机[2:2:2]' 位于(22, 14)	状态: 前往军事目标
[时间:39000][状态]: '攻击方1': 位置: (12, 39)	待命: 0	起飞: 4	坠毁: 0	返航: 0	完成: 0
[时间:39000][状态]: '攻击方2': 位置: (9, 14)	待命: 0	起飞: 2	坠毁: 0	返航: 0	完成: 8
[时间:40000][状态]: '防守方1'	位于: (44, 41)	导弹剩余数: 5	状态: 发射导弹
[时间:40000][状态]: '防守方2'	位于: (42, 20)	导弹剩余数: 4	状态: 待机发射
[时间:40000][状态]: '轰炸机[1:1:1]' 位于(35.693786897103514, 35.178421468209194)	状态: 前往军事目标
[时间:40000][状态]: '轰炸机[1:1:2]' 位于(35.693786897103514, 35.178421468209194)	状态: 前往军事目标
[时间:40000][状态]: '轰炸机[1:1:3]' 位于(35.693786897103514, 35.178421468209194)	状态: 前往军事目标
[时间:40000][状态]: '轰炸机[1:1:4]' 位于(35.693786897103514, 35.178421468209194)	状态: 前往军事目标
[时间:40000][状态]: '轰炸机[2:1:1]' 位于(36, 14)	状态: 使命结束
[时间:40000][状态]: '轰炸机[2:1:2]' 位于(9, 14)	状态: 使命结束
[时间:40000][状态]: '轰炸机[2:1:3]' 位于(9, 14)	状态: 使命结束
[时间:40000][状态]: '轰炸机[2:1:4]' 位于(9, 14)	状态: 使命结束
[时间:40000][状态]: '轰炸机[2:1:5]' 位于(9, 14)	状态: 使命结束
[时间:40000][状态]: '轰炸机[2:1:6]' 位于(9, 14)	状态: 使命结束
[时间:40000][状态]: '轰炸机[2:1:7]' 位于(9, 14)	状态: 使命结束
[时间:40000][状态]: '轰炸机[2:1:8]' 位于(9, 14)	状态: 使命结束
[时间:40000][状态]: '轰炸机[2:2:1]' 位于(23, 14)	状态: 前往军事目标
[时间:40000][状态]: '轰炸机[2:2:2]' 位于(23, 14)	状态: 前往军事目标
[时间:40000][状态]: '攻击方1': 位置: (12, 39)	待命: 0	起飞: 4	坠毁: 0	返航: 0	完成: 0
[时间:40000][状态]: '攻击方2': 位置: (9, 14)	待命: 0	起飞: 2	坠毁: 0	返航: 0	完成: 8
[时间:41000][状态]: '防守方1'	位于: (44, 41)	导弹剩余数: 5	状态: 发射导弹
[时间:41000][状态]: '防守方2'	位于: (42, 20)	导弹剩余数: 4	状态: 待机发射
[时间:41000][状态]: '轰炸机[1:1:1]' 位于(36.681028017816161, 35.019189029384577)	状态: 前往军事目标
[时间:41000][状态]: '轰炸机[1:1:2]' 位于(36.681028017816161, 35.019189029384577)	状态: 前往军事目标
[时间:41000][状态]: '轰炸机[1:1:3]' 位于(36.681028017816161, 35.019189029384577)	状态: 前往军事目标
[时间:41000][状态]: '轰炸机[1:1:4]' 位于(36.681028017816161, 35.019189029384577)	状态: 前往军事目标
[时间:41000][状态]: '轰炸机[2:1:1]' 位于(36, 14)	状态: 使命结束
[时间:41000][状态]: '轰炸机[2:1:2]' 位于(9, 14)	状态: 使命结束
[时间:41000][状态]: '轰炸机[2:1:3]' 位于(9, 14)	状态: 使命结束
[时间:41000][状态]: '轰炸机[2:1:4]' 位于(9, 14)	状态: 使命结束
[时间:41000][状态]: '轰炸机[2:1:5]' 位于(9, 14)	状态: 使命结束
[时间:41000][状态]: '轰炸机[2:1:6]' 位于(9, 14)	状态: 使命结束
[时间:41000][状态]: '轰炸机[2:1:7]' 位于(9, 14)	状态: 使命结束
[时间:41000][状态]: '轰炸机[2:1:8]' 位于(9, 14)	状态: 使命结束
[时间:41000][状态]: '轰炸机[2:2:1]' 位于(24, 14)	状态: 前往军事目标
[时间:41000][状态]: '轰炸机[2:2:2]' 位于(24, 14)	状态: 前往军事目标
[时间:41000][状态]: '攻击方1': 位置: (12, 39)	待命: 0	起飞: 4	坠毁: 0	返航: 0	完成: 0
[时间:41000][状态]: '攻击方2': 位置: (9, 14)	待命: 0	起飞: 2	坠毁: 0	返航: 0	完成: 8
[时间:42000][事件]: '轰炸机[1:1:1]' 被导弹击中, 坠毁位置: (37.668269138528807, 34.85995659055996), 轰炸守方军事目标 '军事目标1' 的任务失败!
[时间:42000][事件]: '导弹[1:6]' 在坐标: (37.510666213769206, 34.763931766659113)处成功拦截轰炸机 '轰炸机[1:1:1]'!
[时间:42000][状态]: '防守方1'	位于: (44, 41)	导弹剩余数: 5	状态: 发射导弹
[时间:42000][状态]: '防守方2'	位于: (42, 20)	导弹剩余数: 4	状态: 待机发射
[时间:42000][状态]: '轰炸机[1:1:1]' 位于(37.668269138528807, 34.85995659055996)	状态: 坠毁
[时间:42000][事件]: '轰炸机[1:1:1]' 轰炸守方军事目标 '攻击方1' 的使命结束!
[时间:42000][状态]: '轰炸机[1:1:2]' 位于(37.668269138528807, 34.85995659055996)	状态: 前往军事目标
[时间:42000][状态]: '轰炸机[1:1:3]' 位于(37.668269138528807, 34.85995659055996)	状态: 前往军事目标
[时间:42000][状态]: '轰炸机[1:1:4]' 位于(37.668269138528807, 34.85995659055996)	状态: 前往军事目标
[时间:42000][状态]: '轰炸机[2:1:1]' 位于(36, 14)	状态: 使命结束
[时间:42000][状态]: '轰炸机[2:1:2]' 位于(9, 14)	状态: 使命结束
[时间:42000][状态]: '轰炸机[2:1:3]' 位于(9, 14)	状态: 使命结束
[时间:42000][状态]: '轰炸机[2:1:4]' 位于(9, 14)	状态: 使命结束
[时间:42000][状态]: '轰炸机[2:1:5]' 位于(9, 14)	状态: 使命结束
[时间:42000][状态]: '轰炸机[2:1:6]' 位于(9, 14)	状态: 使命结束
[时间:42000][状态]: '轰炸机[2:1:7]' 位于(9, 14)	状态: 使命结束
[时间:42000][状态]: '轰炸机[2:1:8]' 位于(9, 14)	状态: 使命结束
[时间:42000][状态]: '轰炸机[2:2:1]' 位于(25, 14)	状态: 前往军事目标
[时间:42000][状态]: '轰炸机[2:2:2]' 位于(25, 14)	状态: 前往军事目标
[时间:42000][状态]: '攻击方1': 位置: (12, 39)	待命: 0	起飞: 3	坠毁: 0	返航: 0	完成: 1
[时间:42000][状态]: '攻击方2': 位置: (9, 14)	待命: 0	起飞: 2	坠毁: 0	返航: 0	完成: 8
[时间:43000][事件]: '防守方1' 进入了待机发射状态!
[时间:43000][事件]: '导弹[1:6]' 拦截轰炸机 '轰炸机[1:1:1]' 的使命结束!
[时间:43000][状态]: '防守方1'	位于: (44, 41)	导弹剩余数: 5	状态: 待机发射
[时间:43000][事件]: '防守方1'计算出了拦截轰炸机 '轰炸机[1:1:2]' 的拦截位置: (41.059440611466393, 34.312993449763582), 现在发射导弹 '导弹[1:5]' 拦截该轰炸机! 
[时间:43000][事件]: '防守方1' 发射了导弹!
[时间:43000][状态]: '防守方2'	位于: (42, 20)	导弹剩余数: 4	状态: 待机发射
[时间:43000][状态]: '轰炸机[1:1:1]' 位于(37.668269138528807, 34.85995659055996)	状态: 使命结束
[时间:43000][状态]: '轰炸机[1:1:2]' 位于(38.655510259241453, 34.700724151735344)	状态: 前往军事目标
[时间:43000][状态]: '轰炸机[1:1:3]' 位于(38.655510259241453, 34.700724151735344)	状态: 前往军事目标
[时间:43000][状态]: '轰炸机[1:1:4]' 位于(38.655510259241453, 34.700724151735344)	状态: 前往军事目标
[时间:43000][状态]: '轰炸机[2:1:1]' 位于(36, 14)	状态: 使命结束
[时间:43000][状态]: '轰炸机[2:1:2]' 位于(9, 14)	状态: 使命结束
[时间:43000][状态]: '轰炸机[2:1:3]' 位于(9, 14)	状态: 使命结束
[时间:43000][状态]: '轰炸机[2:1:4]' 位于(9, 14)	状态: 使命结束
[时间:43000][状态]: '轰炸机[2:1:5]' 位于(9, 14)	状态: 使命结束
[时间:43000][状态]: '轰炸机[2:1:6]' 位于(9, 14)	状态: 使命结束
[时间:43000][状态]: '轰炸机[2:1:7]' 位于(9, 14)	状态: 使命结束
[时间:43000][状态]: '轰炸机[2:1:8]' 位于(9, 14)	状态: 使命结束
[时间:43000][状态]: '轰炸机[2:2:1]' 位于(26, 14)	状态: 前往军事目标
[时间:43000][状态]: '轰炸机[2:2:2]' 位于(26, 14)	状态: 前往军事目标
[时间:43000][状态]: '攻击方1': 位置: (12, 39)	待命: 0	起飞: 3	坠毁: 0	返航: 0	完成: 1
[时间:43000][状态]: '攻击方2': 位置: (9, 14)	待命: 0	起飞: 2	坠毁: 0	返航: 0	完成: 8
[时间:44000][状态]: '防守方1'	位于: (44, 41)	导弹剩余数: 4	状态: 发射导弹
[时间:44000][状态]: '防守方2'	位于: (42, 20)	导弹剩余数: 4	状态: 待机发射
[时间:44000][状态]: '轰炸机[1:1:1]' 位于(37.668269138528807, 34.85995659055996)	状态: 使命结束
[时间:44000][状态]: '轰炸机[1:1:2]' 位于(39.642751379954099, 34.541491712910727)	状态: 前往军事目标
[时间:44000][状态]: '轰炸机[1:1:3]' 位于(39.642751379954099, 34.541491712910727)	状态: 前往军事目标
[时间:44000][状态]: '轰炸机[1:1:4]' 位于(39.642751379954099, 34.541491712910727)	状态: 前往军事目标
[时间:44000][状态]: '轰炸机[2:1:1]' 位于(36, 14)	状态: 使命结束
[时间:44000][状态]: '轰炸机[2:1:2]' 位于(9, 14)	状态: 使命结束
[时间:44000][状态]: '轰炸机[2:1:3]' 位于(9, 14)	状态: 使命结束
[时间:44000][状态]: '轰炸机[2:1:4]' 位于(9, 14)	状态: 使命结束
[时间:44000][状态]: '轰炸机[2:1:5]' 位于(9, 14)	状态: 使命结束
[时间:44000][状态]: '轰炸机[2:1:6]' 位于(9, 14)	状态: 使命结束
[时间:44000][状态]: '轰炸机[2:1:7]' 位于(9, 14)	状态: 使命结束
[时间:44000][状态]: '轰炸机[2:1:8]' 位于(9, 14)	状态: 使命结束
[时间:44000][状态]: '轰炸机[2:2:1]' 位于(27, 14)	状态: 前往军事目标
[时间:44000][状态]: '轰炸机[2:2:2]' 位于(27, 14)	状态: 前往军事目标
[时间:44000][状态]: '攻击方1': 位置: (12, 39)	待命: 0	起飞: 3	坠毁: 0	返航: 0	完成: 1
[时间:44000][状态]: '攻击方2': 位置: (9, 14)	待命: 0	起飞: 2	坠毁: 0	返航: 0	完成: 8
[时间:45000][事件]: '导弹[1:5]' 在坐标: (41.584754363976359, 35.507588096503611)处拦截轰炸机 '轰炸机[1:1:2]' 失败!
[时间:45000][状态]: '防守方1'	位于: (44, 41)	导弹剩余数: 4	状态: 发射导弹
[时间:45000][状态]: '防守方2'	位于: (42, 20)	导弹剩余数: 4	状态: 待机发射
[时间:45000][状态]: '轰炸机[1:1:1]' 位于(37.668269138528807, 34.85995659055996)	状态: 使命结束
[时间:45000][状态]: '轰炸机[1:1:2]' 位于(40.629992500666745, 34.38225927408611)	状态: 前往军事目标
[时间:45000][状态]: '轰炸机[1:1:3]' 位于(40.629992500666745, 34.38225927408611)	状态: 前往军事目标
[时间:45000][状态]: '轰炸机[1:1:4]' 位于(40.629992500666745, 34.38225927408611)	状态: 前往军事目标
[时间:45000][状态]: '轰炸机[2:1:1]' 位于(36, 14)	状态: 使命结束
[时间:45000][状态]: '轰炸机[2:1:2]' 位于(9, 14)	状态: 使命结束
[时间:45000][状态]: '轰炸机[2:1:3]' 位于(9, 14)	状态: 使命结束
[时间:45000][状态]: '轰炸机[2:1:4]' 位于(9, 14)	状态: 使命结束
[时间:45000][状态]: '轰炸机[2:1:5]' 位于(9, 14)	状态: 使命结束
[时间:45000][状态]: '轰炸机[2:1:6]' 位于(9, 14)	状态: 使命结束
[时间:45000][状态]: '轰炸机[2:1:7]' 位于(9, 14)	状态: 使命结束
[时间:45000][状态]: '轰炸机[2:1:8]' 位于(9, 14)	状态: 使命结束
[时间:45000][状态]: '轰炸机[2:2:1]' 位于(28, 14)	状态: 前往军事目标
[时间:45000][状态]: '轰炸机[2:2:2]' 位于(28, 14)	状态: 前往军事目标
[时间:45000][状态]: '攻击方1': 位置: (12, 39)	待命: 0	起飞: 3	坠毁: 0	返航: 0	完成: 1
[时间:45000][状态]: '攻击方2': 位置: (9, 14)	待命: 0	起飞: 2	坠毁: 0	返航: 0	完成: 8
[时间:46000][事件]: '防守方1' 进入了待机发射状态!
[时间:46000][事件]: '导弹[1:5]' 拦截轰炸机 '轰炸机[1:1:2]' 的使命结束!
[时间:46000][状态]: '防守方1'	位于: (44, 41)	导弹剩余数: 4	状态: 待机发射
[时间:46000][事件]: '防守方1'计算出了拦截轰炸机 '轰炸机[1:1:2]' 的拦截位置: (43.972427727334924, 33.843156818171892), 现在发射导弹 '导弹[1:4]' 拦截该轰炸机! 
[时间:46000][事件]: '防守方1' 发射了导弹!
[时间:46000][状态]: '防守方2'	位于: (42, 20)	导弹剩余数: 4	状态: 待机发射
[时间:46000][事件]: '防守方2'计算出了拦截轰炸机 '轰炸机[2:2:1]' 的拦截位置: (32.691542579534186, 14), 现在发射导弹 '导弹[2:4]' 拦截该轰炸机! 
[时间:46000][事件]: '防守方2' 发射了导弹!
[时间:46000][状态]: '轰炸机[1:1:1]' 位于(37.668269138528807, 34.85995659055996)	状态: 使命结束
[时间:46000][状态]: '轰炸机[1:1:2]' 位于(41.617233621379391, 34.223026835261493)	状态: 前往军事目标
[时间:46000][状态]: '轰炸机[1:1:3]' 位于(41.617233621379391, 34.223026835261493)	状态: 前往军事目标
[时间:46000][状态]: '轰炸机[1:1:4]' 位于(41.617233621379391, 34.223026835261493)	状态: 前往军事目标
[时间:46000][状态]: '轰炸机[2:1:1]' 位于(36, 14)	状态: 使命结束
[时间:46000][状态]: '轰炸机[2:1:2]' 位于(9, 14)	状态: 使命结束
[时间:46000][状态]: '轰炸机[2:1:3]' 位于(9, 14)	状态: 使命结束
[时间:46000][状态]: '轰炸机[2:1:4]' 位于(9, 14)	状态: 使命结束
[时间:46000][状态]: '轰炸机[2:1:5]' 位于(9, 14)	状态: 使命结束
[时间:46000][状态]: '轰炸机[2:1:6]' 位于(9, 14)	状态: 使命结束
[时间:46000][状态]: '轰炸机[2:1:7]' 位于(9, 14)	状态: 使命结束
[时间:46000][状态]: '轰炸机[2:1:8]' 位于(9, 14)	状态: 使命结束
[时间:46000][状态]: '轰炸机[2:2:1]' 位于(29, 14)	状态: 前往军事目标
[时间:46000][状态]: '轰炸机[2:2:2]' 位于(29, 14)	状态: 前往军事目标
[时间:46000][状态]: '攻击方1': 位置: (12, 39)	待命: 0	起飞: 3	坠毁: 0	返航: 0	完成: 1
[时间:46000][状态]: '攻击方2': 位置: (9, 14)	待命: 0	起飞: 2	坠毁: 0	返航: 0	完成: 8
[时间:47000][状态]: '防守方1'	位于: (44, 41)	导弹剩余数: 3	状态: 发射导弹
[时间:47000][状态]: '防守方2'	位于: (42, 20)	导弹剩余数: 3	状态: 发射导弹
[时间:47000][状态]: '轰炸机[1:1:1]' 位于(37.668269138528807, 34.85995659055996)	状态: 使命结束
[时间:47000][状态]: '轰炸机[1:1:2]' 位于(42.604474742092037, 34.063794396436876)	状态: 前往军事目标
[时间:47000][事件]: '轰炸机[1:1:2]' 返回基地 '攻击方1'!
[时间:47000][状态]: '轰炸机[1:1:3]' 位于(42.604474742092037, 34.063794396436876)	状态: 前往军事目标
[时间:47000][事件]: '轰炸机[1:1:3]' 返回基地 '攻击方1'!
[时间:47000][状态]: '轰炸机[1:1:4]' 位于(42.604474742092037, 34.063794396436876)	状态: 前往军事目标
[时间:47000][事件]: '轰炸机[1:1:4]' 返回基地 '攻击方1'!
[时间:47000][状态]: '轰炸机[2:1:1]' 位于(36, 14)	状态: 使命结束
[时间:47000][状态]: '轰炸机[2:1:2]' 位于(9, 14)	状态: 使命结束
[时间:47000][状态]: '轰炸机[2:1:3]' 位于(9, 14)	状态: 使命结束
[时间:47000][状态]: '轰炸机[2:1:4]' 位于(9, 14)	状态: 使命结束
[时间:47000][状态]: '轰炸机[2:1:5]' 位于(9, 14)	状态: 使命结束
[时间:47000][状态]: '轰炸机[2:1:6]' 位于(9, 14)	状态: 使命结束
[时间:47000][状态]: '轰炸机[2:1:7]' 位于(9, 14)	状态: 使命结束
[时间:47000][状态]: '轰炸机[2:1:8]' 位于(9, 14)	状态: 使命结束
[时间:47000][状态]: '轰炸机[2:2:1]' 位于(30, 14)	状态: 前往军事目标
[时间:47000][状态]: '轰炸机[2:2:2]' 位于(30, 14)	状态: 前往军事目标
[时间:47000][状态]: '攻击方1': 位置: (12, 39)	待命: 0	起飞: 0	坠毁: 0	返航: 3	完成: 1
[时间:47000][状态]: '攻击方2': 位置: (9, 14)	待命: 0	起飞: 2	坠毁: 0	返航: 0	完成: 8
[时间:48000][事件]: '导弹[1:4]' 在坐标: (43.976884723600804, 35.000044526498797)处拦截轰炸机 '轰炸机[1:1:2]' 失败!
[时间:48000][状态]: '防守方1'	位于: (44, 41)	导弹剩余数: 3	状态: 发射导弹
[时间:48000][状态]: '防守方2'	位于: (42, 20)	导弹剩余数: 3	状态: 发射导弹
[时间:48000][状态]: '轰炸机[1:1:1]' 位于(37.668269138528807, 34.85995659055996)	状态: 使命结束
[时间:48000][状态]: '轰炸机[1:1:2]' 位于(42.604474742092037, 34.063794396436876)	状态: 返回基地
[时间:48000][状态]: '轰炸机[1:1:3]' 位于(42.604474742092037, 34.063794396436876)	状态: 返回基地
[时间:48000][状态]: '轰炸机[1:1:4]' 位于(42.604474742092037, 34.063794396436876)	状态: 返回基地
[时间:48000][状态]: '轰炸机[2:1:1]' 位于(36, 14)	状态: 使命结束
[时间:48000][状态]: '轰炸机[2:1:2]' 位于(9, 14)	状态: 使命结束
[时间:48000][状态]: '轰炸机[2:1:3]' 位于(9, 14)	状态: 使命结束
[时间:48000][状态]: '轰炸机[2:1:4]' 位于(9, 14)	状态: 使命结束
[时间:48000][状态]: '轰炸机[2:1:5]' 位于(9, 14)	状态: 使命结束
[时间:48000][状态]: '轰炸机[2:1:6]' 位于(9, 14)	状态: 使命结束
[时间:48000][状态]: '轰炸机[2:1:7]' 位于(9, 14)	状态: 使命结束
[时间:48000][状态]: '轰炸机[2:1:8]' 位于(9, 14)	状态: 使命结束
[时间:48000][状态]: '轰炸机[2:2:1]' 位于(31, 14)	状态: 前往军事目标
[时间:48000][状态]: '轰炸机[2:2:2]' 位于(31, 14)	状态: 前往军事目标
[时间:48000][状态]: '攻击方1': 位置: (12, 39)	待命: 0	起飞: 0	坠毁: 0	返航: 3	完成: 1
[时间:48000][状态]: '攻击方2': 位置: (9, 14)	待命: 0	起飞: 2	坠毁: 0	返航: 0	完成: 8
[时间:49000][事件]: '防守方1' 进入了待机发射状态!
[时间:49000][事件]: '导弹[1:4]' 拦截轰炸机 '轰炸机[1:1:2]' 的使命结束!
[时间:49000][事件]: '导弹[2:4]' 在坐标: (34.435310805782109, 15.123989602668672)处拦截轰炸机 '轰炸机[2:2:1]' 失败!
[时间:49000][状态]: '防守方1'	位于: (44, 41)	导弹剩余数: 3	状态: 待机发射
[时间:49000][事件]: '防守方1'计算出了拦截轰炸机 '轰炸机[1:1:2]' 的拦截位置: (39.262039515423858, 34.602896852351094), 现在发射导弹 '导弹[1:3]' 拦截该轰炸机! 
[时间:49000][事件]: '防守方1' 发射了导弹!
[时间:49000][状态]: '防守方2'	位于: (42, 20)	导弹剩余数: 3	状态: 发射导弹
[时间:49000][状态]: '轰炸机[1:1:1]' 位于(37.668269138528807, 34.85995659055996)	状态: 使命结束
[时间:49000][状态]: '轰炸机[1:1:2]' 位于(41.617233621379391, 34.223026835261493)	状态: 返回基地
[时间:49000][状态]: '轰炸机[1:1:3]' 位于(41.617233621379391, 34.223026835261493)	状态: 返回基地
[时间:49000][状态]: '轰炸机[1:1:4]' 位于(41.617233621379391, 34.223026835261493)	状态: 返回基地
[时间:49000][状态]: '轰炸机[2:1:1]' 位于(36, 14)	状态: 使命结束
[时间:49000][状态]: '轰炸机[2:1:2]' 位于(9, 14)	状态: 使命结束
[时间:49000][状态]: '轰炸机[2:1:3]' 位于(9, 14)	状态: 使命结束
[时间:49000][状态]: '轰炸机[2:1:4]' 位于(9, 14)	状态: 使命结束
[时间:49000][状态]: '轰炸机[2:1:5]' 位于(9, 14)	状态: 使命结束
[时间:49000][状态]: '轰炸机[2:1:6]' 位于(9, 14)	状态: 使命结束
[时间:49000][状态]: '轰炸机[2:1:7]' 位于(9, 14)	状态: 使命结束
[时间:49000][状态]: '轰炸机[2:1:8]' 位于(9, 14)	状态: 使命结束
[时间:49000][状态]: '轰炸机[2:2:1]' 位于(32, 14)	状态: 前往军事目标
[时间:49000][状态]: '轰炸机[2:2:2]' 位于(32, 14)	状态: 前往军事目标
[时间:49000][状态]: '攻击方1': 位置: (12, 39)	待命: 0	起飞: 0	坠毁: 0	返航: 3	完成: 1
[时间:49000][状态]: '攻击方2': 位置: (9, 14)	待命: 0	起飞: 2	坠毁: 0	返航: 0	完成: 8
[时间:50000][事件]: '防守方2' 进入了待机发射状态!
[时间:50000][事件]: '导弹[2:4]' 拦截轰炸机 '轰炸机[2:2:1]' 的使命结束!
[时间:50000][状态]: '防守方1'	位于: (44, 41)	导弹剩余数: 2	状态: 发射导弹
[时间:50000][状态]: '防守方2'	位于: (42, 20)	导弹剩余数: 3	状态: 待机发射
[时间:50000][事件]: '防守方2'计算出了拦截轰炸机 '轰炸机[2:2:1]' 的拦截位置: (35.861304679775493, 14), 现在发射导弹 '导弹[2:3]' 拦截该轰炸机! 
[时间:50000][事件]: '防守方2' 发射了导弹!
[时间:50000][状态]: '轰炸机[1:1:1]' 位于(37.668269138528807, 34.85995659055996)	状态: 使命结束
[时间:50000][状态]: '轰炸机[1:1:2]' 位于(40.629992500666745, 34.38225927408611)	状态: 返回基地
[时间:50000][状态]: '轰炸机[1:1:3]' 位于(40.629992500666745, 34.38225927408611)	状态: 返回基地
[时间:50000][状态]: '轰炸机[1:1:4]' 位于(40.629992500666745, 34.38225927408611)	状态: 返回基地
[时间:50000][状态]: '轰炸机[2:1:1]' 位于(36, 14)	状态: 使命结束
[时间:50000][状态]: '轰炸机[2:1:2]' 位于(9, 14)	状态: 使命结束
[时间:50000][状态]: '轰炸机[2:1:3]' 位于(9, 14)	状态: 使命结束
[时间:50000][状态]: '轰炸机[2:1:4]' 位于(9, 14)	状态: 使命结束
[时间:50000][状态]: '轰炸机[2:1:5]' 位于(9, 14)	状态: 使命结束
[时间:50000][状态]: '轰炸机[2:1:6]' 位于(9, 14)	状态: 使命结束
[时间:50000][状态]: '轰炸机[2:1:7]' 位于(9, 14)	状态: 使命结束
[时间:50000][状态]: '轰炸机[2:1:8]' 位于(9, 14)	状态: 使命结束
[时间:50000][状态]: '轰炸机[2:2:1]' 位于(33, 14)	状态: 前往军事目标
[时间:50000][状态]: '轰炸机[2:2:2]' 位于(33, 14)	状态: 前往军事目标
[时间:50000][状态]: '攻击方1': 位置: (12, 39)	待命: 0	起飞: 0	坠毁: 0	返航: 3	完成: 1
[时间:50000][状态]: '攻击方2': 位置: (9, 14)	待命: 0	起飞: 2	坠毁: 0	返航: 0	完成: 8
[时间:51000][事件]: '导弹[1:3]' 在坐标: (40.428943469351623, 36.178428134424053)处拦截轰炸机 '轰炸机[1:1:2]' 失败!
[时间:51000][状态]: '防守方1'	位于: (44, 41)	导弹剩余数: 2	状态: 发射导弹
[时间:51000][状态]: '防守方2'	位于: (42, 20)	导弹剩余数: 2	状态: 发射导弹
[时间:51000][状态]: '轰炸机[1:1:1]' 位于(37.668269138528807, 34.85995659055996)	状态: 使命结束
[时间:51000][状态]: '轰炸机[1:1:2]' 位于(39.642751379954099, 34.541491712910727)	状态: 返回基地
[时间:51000][状态]: '轰炸机[1:1:3]' 位于(39.642751379954099, 34.541491712910727)	状态: 返回基地
[时间:51000][状态]: '轰炸机[1:1:4]' 位于(39.642751379954099, 34.541491712910727)	状态: 返回基地
[时间:51000][状态]: '轰炸机[2:1:1]' 位于(36, 14)	状态: 使命结束
[时间:51000][状态]: '轰炸机[2:1:2]' 位于(9, 14)	状态: 使命结束
[时间:51000][状态]: '轰炸机[2:1:3]' 位于(9, 14)	状态: 使命结束
[时间:51000][状态]: '轰炸机[2:1:4]' 位于(9, 14)	状态: 使命结束
[时间:51000][状态]: '轰炸机[2:1:5]' 位于(9, 14)	状态: 使命结束
[时间:51000][状态]: '轰炸机[2:1:6]' 位于(9, 14)	状态: 使命结束
[时间:51000][状态]: '轰炸机[2:1:7]' 位于(9, 14)	状态: 使命结束
[时间:51000][状态]: '轰炸机[2:1:8]' 位于(9, 14)	状态: 使命结束
[时间:51000][状态]: '轰炸机[2:2:1]' 位于(34, 14)	状态: 前往军事目标
[时间:51000][状态]: '轰炸机[2:2:2]' 位于(34, 14)	状态: 前往军事目标
[时间:51000][状态]: '攻击方1': 位置: (12, 39)	待命: 0	起飞: 0	坠毁: 0	返航: 3	完成: 1
[时间:51000][状态]: '攻击方2': 位置: (9, 14)	待命: 0	起飞: 2	坠毁: 0	返航: 0	完成: 8
[时间:52000][事件]: '防守方1' 进入了待机发射状态!
[时间:52000][事件]: '导弹[1:3]' 拦截轰炸机 '轰炸机[1:1:2]' 的使命结束!
[时间:52000][状态]: '防守方1'	位于: (44, 41)	导弹剩余数: 2	状态: 待机发射
[时间:52000][事件]: '防守方1'计算出了拦截轰炸机 '轰炸机[1:1:2]' 的拦截位置: (36.251579907016513, 35.088454853707105), 现在发射导弹 '导弹[1:2]' 拦截该轰炸机! 
[时间:52000][事件]: '防守方1' 发射了导弹!
[时间:52000][状态]: '防守方2'	位于: (42, 20)	导弹剩余数: 2	状态: 发射导弹
[时间:52000][状态]: '轰炸机[1:1:1]' 位于(37.668269138528807, 34.85995659055996)	状态: 使命结束
[时间:52000][状态]: '轰炸机[1:1:2]' 位于(38.655510259241453, 34.700724151735344)	状态: 返回基地
[时间:52000][状态]: '轰炸机[1:1:3]' 位于(38.655510259241453, 34.700724151735344)	状态: 返回基地
[时间:52000][状态]: '轰炸机[1:1:4]' 位于(38.655510259241453, 34.700724151735344)	状态: 返回基地
[时间:52000][状态]: '轰炸机[2:1:1]' 位于(36, 14)	状态: 使命结束
[时间:52000][状态]: '轰炸机[2:1:2]' 位于(9, 14)	状态: 使命结束
[时间:52000][状态]: '轰炸机[2:1:3]' 位于(9, 14)	状态: 使命结束
[时间:52000][状态]: '轰炸机[2:1:4]' 位于(9, 14)	状态: 使命结束
[时间:52000][状态]: '轰炸机[2:1:5]' 位于(9, 14)	状态: 使命结束
[时间:52000][状态]: '轰炸机[2:1:6]' 位于(9, 14)	状态: 使命结束
[时间:52000][状态]: '轰炸机[2:1:7]' 位于(9, 14)	状态: 使命结束
[时间:52000][状态]: '轰炸机[2:1:8]' 位于(9, 14)	状态: 使命结束
[时间:52000][状态]: '轰炸机[2:2:1]' 位于(35, 14)	状态: 前往军事目标
[时间:52000][状态]: '轰炸机[2:2:2]' 位于(35, 14)	状态: 前往军事目标
[时间:52000][状态]: '攻击方1': 位置: (12, 39)	待命: 0	起飞: 0	坠毁: 0	返航: 3	完成: 1
[时间:52000][状态]: '攻击方2': 位置: (9, 14)	待命: 0	起飞: 2	坠毁: 0	返航: 0	完成: 8
[时间:53000][事件]: '导弹[2:3]' 在坐标: (35.563745206568314, 13.709163471045549)处拦截轰炸机 '轰炸机[2:2:1]' 失败!
[时间:53000][状态]: '防守方1'	位于: (44, 41)	导弹剩余数: 1	状态: 发射导弹
[时间:53000][状态]: '防守方2'	位于: (42, 20)	导弹剩余数: 2	状态: 发射导弹
[时间:53000][状态]: '轰炸机[1:1:1]' 位于(37.668269138528807, 34.85995659055996)	状态: 使命结束
[时间:53000][状态]: '轰炸机[1:1:2]' 位于(37.668269138528807, 34.85995659055996)	状态: 返回基地
[时间:53000][状态]: '轰炸机[1:1:3]' 位于(37.668269138528807, 34.85995659055996)	状态: 返回基地
[时间:53000][状态]: '轰炸机[1:1:4]' 位于(37.668269138528807, 34.85995659055996)	状态: 返回基地
[时间:53000][状态]: '轰炸机[2:1:1]' 位于(36, 14)	状态: 使命结束
[时间:53000][状态]: '轰炸机[2:1:2]' 位于(9, 14)	状态: 使命结束
[时间:53000][状态]: '轰炸机[2:1:3]' 位于(9, 14)	状态: 使命结束
[时间:53000][状态]: '轰炸机[2:1:4]' 位于(9, 14)	状态: 使命结束
[时间:53000][状态]: '轰炸机[2:1:5]' 位于(9, 14)	状态: 使命结束
[时间:53000][状态]: '轰炸机[2:1:6]' 位于(9, 14)	状态: 使命结束
[时间:53000][状态]: '轰炸机[2:1:7]' 位于(9, 14)	状态: 使命结束
[时间:53000][状态]: '轰炸机[2:1:8]' 位于(9, 14)	状态: 使命结束
[时间:53000][状态]: '轰炸机[2:2:1]' 位于(36, 14)	状态: 前往军事目标
[时间:53000][状态]: '轰炸机[2:2:2]' 位于(36, 14)	状态: 前往军事目标
[时间:53000][状态]: '攻击方1': 位置: (12, 39)	待命: 0	起飞: 0	坠毁: 0	返航: 3	完成: 1
[时间:53000][状态]: '攻击方2': 位置: (9, 14)	待命: 0	起飞: 2	坠毁: 0	返航: 0	完成: 8
[时间:54000][事件]: '防守方2' 进入了待机发射状态!
[时间:54000][事件]: '导弹[2:3]' 拦截轰炸机 '轰炸机[2:2:1]' 的使命结束!
[时间:54000][状态]: '防守方1'	位于: (44, 41)	导弹剩余数: 1	状态: 发射导弹
[时间:54000][状态]: '防守方2'	位于: (42, 20)	导弹剩余数: 2	状态: 待机发射
[时间:54000][事件]: '防守方2'计算出了拦截轰炸机 '轰炸机[2:2:1]' 的拦截位置: (39.206187913226529, 14), 现在发射导弹 '导弹[2:2]' 拦截该轰炸机! 
[时间:54000][事件]: '防守方2' 发射了导弹!
[时间:54000][状态]: '轰炸机[1:1:1]' 位于(37.668269138528807, 34.85995659055996)	状态: 使命结束
[时间:54000][状态]: '轰炸机[1:1:2]' 位于(36.681028017816161, 35.019189029384577)	状态: 返回基地
[时间:54000][状态]: '轰炸机[1:1:3]' 位于(36.681028017816161, 35.019189029384577)	状态: 返回基地
[时间:54000][状态]: '轰炸机[1:1:4]' 位于(36.681028017816161, 35.019189029384577)	状态: 返回基地
[时间:54000][状态]: '轰炸机[2:1:1]' 位于(36, 14)	状态: 使命结束
[时间:54000][状态]: '轰炸机[2:1:2]' 位于(9, 14)	状态: 使命结束
[时间:54000][状态]: '轰炸机[2:1:3]' 位于(9, 14)	状态: 使命结束
[时间:54000][状态]: '轰炸机[2:1:4]' 位于(9, 14)	状态: 使命结束
[时间:54000][状态]: '轰炸机[2:1:5]' 位于(9, 14)	状态: 使命结束
[时间:54000][状态]: '轰炸机[2:1:6]' 位于(9, 14)	状态: 使命结束
[时间:54000][状态]: '轰炸机[2:1:7]' 位于(9, 14)	状态: 使命结束
[时间:54000][状态]: '轰炸机[2:1:8]' 位于(9, 14)	状态: 使命结束
[时间:54000][状态]: '轰炸机[2:2:1]' 位于(37, 14)	状态: 前往军事目标
[时间:54000][事件]: '轰炸机[2:2:1]' 返回基地 '攻击方2'!
[时间:54000][状态]: '轰炸机[2:2:2]' 位于(37, 14)	状态: 前往军事目标
[时间:54000][事件]: '轰炸机[2:2:2]' 返回基地 '攻击方2'!
[时间:54000][状态]: '攻击方1': 位置: (12, 39)	待命: 0	起飞: 0	坠毁: 0	返航: 3	完成: 1
[时间:54000][状态]: '攻击方2': 位置: (9, 14)	待命: 0	起飞: 0	坠毁: 0	返航: 2	完成: 8
[时间:55000][事件]: '轰炸机[1:1:2]' 被导弹击中, 坠毁位置: (35.693786897103514, 35.178421468209194), 轰炸守方军事目标 '军事目标1' 的任务失败!
[时间:55000][事件]: '导弹[1:2]' 在坐标: (36.844671580334207, 35.540945575768362)处成功拦截轰炸机 '轰炸机[1:1:2]'!
[时间:55000][状态]: '防守方1'	位于: (44, 41)	导弹剩余数: 1	状态: 发射导弹
[时间:55000][状态]: '防守方2'	位于: (42, 20)	导弹剩余数: 1	状态: 发射导弹
[时间:55000][状态]: '轰炸机[1:1:1]' 位于(37.668269138528807, 34.85995659055996)	状态: 使命结束
[时间:55000][状态]: '轰炸机[1:1:2]' 位于(35.693786897103514, 35.178421468209194)	状态: 坠毁
[时间:55000][事件]: '轰炸机[1:1:2]' 轰炸守方军事目标 '攻击方1' 的使命结束!
[时间:55000][状态]: '轰炸机[1:1:3]' 位于(35.693786897103514, 35.178421468209194)	状态: 返回基地
[时间:55000][状态]: '轰炸机[1:1:4]' 位于(35.693786897103514, 35.178421468209194)	状态: 返回基地
[时间:55000][状态]: '轰炸机[2:1:1]' 位于(36, 14)	状态: 使命结束
[时间:55000][状态]: '轰炸机[2:1:2]' 位于(9, 14)	状态: 使命结束
[时间:55000][状态]: '轰炸机[2:1:3]' 位于(9, 14)	状态: 使命结束
[时间:55000][状态]: '轰炸机[2:1:4]' 位于(9, 14)	状态: 使命结束
[时间:55000][状态]: '轰炸机[2:1:5]' 位于(9, 14)	状态: 使命结束
[时间:55000][状态]: '轰炸机[2:1:6]' 位于(9, 14)	状态: 使命结束
[时间:55000][状态]: '轰炸机[2:1:7]' 位于(9, 14)	状态: 使命结束
[时间:55000][状态]: '轰炸机[2:1:8]' 位于(9, 14)	状态: 使命结束
[时间:55000][状态]: '轰炸机[2:2:1]' 位于(37, 14)	状态: 返回基地
[时间:55000][状态]: '轰炸机[2:2:2]' 位于(37, 14)	状态: 返回基地
[时间:55000][状态]: '攻击方1': 位置: (12, 39)	待命: 0	起飞: 0	坠毁: 0	返航: 2	完成: 2
[时间:55000][状态]: '攻击方2': 位置: (9, 14)	待命: 0	起飞: 0	坠毁: 0	返航: 2	完成: 8
[时间:56000][事件]: '防守方1' 进入了待机发射状态!
[时间:56000][事件]: '导弹[1:2]' 拦截轰炸机 '轰炸机[1:1:2]' 的使命结束!
[时间:56000][状态]: '防守方1'	位于: (44, 41)	导弹剩余数: 1	状态: 待机发射
[时间:56000][事件]: '防守方1'计算出了拦截轰炸机 '轰炸机[1:1:3]' 的拦截位置: (31.794211202922174, 35.807385289851339), 现在发射导弹 '导弹[1:1]' 拦截该轰炸机! 
[时间:56000][事件]: '防守方1' 发射了导弹!
[时间:56000][状态]: '防守方2'	位于: (42, 20)	导弹剩余数: 1	状态: 发射导弹
[时间:56000][状态]: '轰炸机[1:1:1]' 位于(37.668269138528807, 34.85995659055996)	状态: 使命结束
[时间:56000][状态]: '轰炸机[1:1:2]' 位于(35.693786897103514, 35.178421468209194)	状态: 使命结束
[时间:56000][状态]: '轰炸机[1:1:3]' 位于(34.706545776390868, 35.337653907033811)	状态: 返回基地
[时间:56000][状态]: '轰炸机[1:1:4]' 位于(34.706545776390868, 35.337653907033811)	状态: 返回基地
[时间:56000][状态]: '轰炸机[2:1:1]' 位于(36, 14)	状态: 使命结束
[时间:56000][状态]: '轰炸机[2:1:2]' 位于(9, 14)	状态: 使命结束
[时间:56000][状态]: '轰炸机[2:1:3]' 位于(9, 14)	状态: 使命结束
[时间:56000][状态]: '轰炸机[2:1:4]' 位于(9, 14)	状态: 使命结束
[时间:56000][状态]: '轰炸机[2:1:5]' 位于(9, 14)	状态: 使命结束
[时间:56000][状态]: '轰炸机[2:1:6]' 位于(9, 14)	状态: 使命结束
[时间:56000][状态]: '轰炸机[2:1:7]' 位于(9, 14)	状态: 使命结束
[时间:56000][状态]: '轰炸机[2:1:8]' 位于(9, 14)	状态: 使命结束
[时间:56000][状态]: '轰炸机[2:2:1]' 位于(36, 14)	状态: 返回基地
[时间:56000][状态]: '轰炸机[2:2:2]' 位于(36, 14)	状态: 返回基地
[时间:56000][状态]: '攻击方1': 位置: (12, 39)	待命: 0	起飞: 0	坠毁: 0	返航: 2	完成: 2
[时间:56000][状态]: '攻击方2': 位置: (9, 14)	待命: 0	起飞: 0	坠毁: 0	返航: 2	完成: 8
[时间:57000][状态]: '防守方1'	位于: (44, 41)	导弹剩余数: 0	状态: 发射导弹
[时间:57000][状态]: '防守方2'	位于: (42, 20)	导弹剩余数: 1	状态: 发射导弹
[时间:57000][状态]: '轰炸机[1:1:1]' 位于(37.668269138528807, 34.85995659055996)	状态: 使命结束
[时间:57000][状态]: '轰炸机[1:1:2]' 位于(35.693786897103514, 35.178421468209194)	状态: 使命结束
[时间:57000][状态]: '轰炸机[1:1:3]' 位于(33.719304655678222, 35.496886345858428)	状态: 返回基地
[时间:57000][状态]: '轰炸机[1:1:4]' 位于(33.719304655678222, 35.496886345858428)	状态: 返回基地
[时间:57000][状态]: '轰炸机[2:1:1]' 位于(36, 14)	状态: 使命结束
[时间:57000][状态]: '轰炸机[2:1:2]' 位于(9, 14)	状态: 使命结束
[时间:57000][状态]: '轰炸机[2:1:3]' 位于(9, 14)	状态: 使命结束
[时间:57000][状态]: '轰炸机[2:1:4]' 位于(9, 14)	状态: 使命结束
[时间:57000][状态]: '轰炸机[2:1:5]' 位于(9, 14)	状态: 使命结束
[时间:57000][状态]: '轰炸机[2:1:6]' 位于(9, 14)	状态: 使命结束
[时间:57000][状态]: '轰炸机[2:1:7]' 位于(9, 14)	状态: 使命结束
[时间:57000][状态]: '轰炸机[2:1:8]' 位于(9, 14)	状态: 使命结束
[时间:57000][状态]: '轰炸机[2:2:1]' 位于(35, 14)	状态: 返回基地
[时间:57000][状态]: '轰炸机[2:2:2]' 位于(35, 14)	状态: 返回基地
[时间:57000][状态]: '攻击方1': 位置: (12, 39)	待命: 0	起飞: 0	坠毁: 0	返航: 2	完成: 2
[时间:57000][状态]: '攻击方2': 位置: (9, 14)	待命: 0	起飞: 0	坠毁: 0	返航: 2	完成: 8
[时间:58000][状态]: '防守方1'	位于: (44, 41)	导弹剩余数: 0	状态: 发射导弹
[时间:58000][状态]: '防守方2'	位于: (42, 20)	导弹剩余数: 1	状态: 发射导弹
[时间:58000][状态]: '轰炸机[1:1:1]' 位于(37.668269138528807, 34.85995659055996)	状态: 使命结束
[时间:58000][状态]: '轰炸机[1:1:2]' 位于(35.693786897103514, 35.178421468209194)	状态: 使命结束
[时间:58000][状态]: '轰炸机[1:1:3]' 位于(32.732063534965576, 35.656118784683045)	状态: 返回基地
[时间:58000][状态]: '轰炸机[1:1:4]' 位于(32.732063534965576, 35.656118784683045)	状态: 返回基地
[时间:58000][状态]: '轰炸机[2:1:1]' 位于(36, 14)	状态: 使命结束
[时间:58000][状态]: '轰炸机[2:1:2]' 位于(9, 14)	状态: 使命结束
[时间:58000][状态]: '轰炸机[2:1:3]' 位于(9, 14)	状态: 使命结束
[时间:58000][状态]: '轰炸机[2:1:4]' 位于(9, 14)	状态: 使命结束
[时间:58000][状态]: '轰炸机[2:1:5]' 位于(9, 14)	状态: 使命结束
[时间:58000][状态]: '轰炸机[2:1:6]' 位于(9, 14)	状态: 使命结束
[时间:58000][状态]: '轰炸机[2:1:7]' 位于(9, 14)	状态: 使命结束
[时间:58000][状态]: '轰炸机[2:1:8]' 位于(9, 14)	状态: 使命结束
[时间:58000][状态]: '轰炸机[2:2:1]' 位于(34, 14)	状态: 返回基地
[时间:58000][状态]: '轰炸机[2:2:2]' 位于(34, 14)	状态: 返回基地
[时间:58000][状态]: '攻击方1': 位置: (12, 39)	待命: 0	起飞: 0	坠毁: 0	返航: 2	完成: 2
[时间:58000][状态]: '攻击方2': 位置: (9, 14)	待命: 0	起飞: 0	坠毁: 0	返航: 2	完成: 8
[时间:59000][事件]: '导弹[2:2]飞出了作战范围!'
[时间:59000][状态]: '防守方1'	位于: (44, 41)	导弹剩余数: 0	状态: 发射导弹
[时间:59000][状态]: '防守方2'	位于: (42, 20)	导弹剩余数: 1	状态: 发射导弹
[时间:59000][状态]: '轰炸机[1:1:1]' 位于(37.668269138528807, 34.85995659055996)	状态: 使命结束
[时间:59000][状态]: '轰炸机[1:1:2]' 位于(35.693786897103514, 35.178421468209194)	状态: 使命结束
[时间:59000][状态]: '轰炸机[1:1:3]' 位于(31.74482241425293, 35.815351223507662)	状态: 返回基地
[时间:59000][状态]: '轰炸机[1:1:4]' 位于(31.74482241425293, 35.815351223507662)	状态: 返回基地
[时间:59000][状态]: '轰炸机[2:1:1]' 位于(36, 14)	状态: 使命结束
[时间:59000][状态]: '轰炸机[2:1:2]' 位于(9, 14)	状态: 使命结束
[时间:59000][状态]: '轰炸机[2:1:3]' 位于(9, 14)	状态: 使命结束
[时间:59000][状态]: '轰炸机[2:1:4]' 位于(9, 14)	状态: 使命结束
[时间:59000][状态]: '轰炸机[2:1:5]' 位于(9, 14)	状态: 使命结束
[时间:59000][状态]: '轰炸机[2:1:6]' 位于(9, 14)	状态: 使命结束
[时间:59000][状态]: '轰炸机[2:1:7]' 位于(9, 14)	状态: 使命结束
[时间:59000][状态]: '轰炸机[2:1:8]' 位于(9, 14)	状态: 使命结束
[时间:59000][状态]: '轰炸机[2:2:1]' 位于(33, 14)	状态: 返回基地
[时间:59000][状态]: '轰炸机[2:2:2]' 位于(33, 14)	状态: 返回基地
[时间:59000][状态]: '攻击方1': 位置: (12, 39)	待命: 0	起飞: 0	坠毁: 0	返航: 2	完成: 2
[时间:59000][状态]: '攻击方2': 位置: (9, 14)	待命: 0	起飞: 0	坠毁: 0	返航: 2	完成: 8
[时间:60000][事件]: '防守方2' 进入了待机发射状态!
[时间:60000][事件]: '导弹[2:2]' 拦截轰炸机 '轰炸机[2:2:1]' 的使命结束!
[时间:60000][事件]: '轰炸机[1:1:3]' 被导弹击中, 坠毁位置: (30.757581293540284, 35.974583662332279), 轰炸守方军事目标 '军事目标1' 的任务失败!
[时间:60000][事件]: '导弹[1:1]' 在坐标: (32.957708312735633, 36.302362903185042)处成功拦截轰炸机 '轰炸机[1:1:3]'!
[时间:60000][状态]: '防守方1'	位于: (44, 41)	导弹剩余数: 0	状态: 发射导弹
[时间:60000][状态]: '防守方2'	位于: (42, 20)	导弹剩余数: 1	状态: 待机发射
[时间:60000][事件]: '防守方2'计算出了拦截轰炸机 '轰炸机[2:2:1]' 的拦截位置: (28.941578015096479, 14), 现在发射导弹 '导弹[2:1]' 拦截该轰炸机! 
[时间:60000][事件]: '防守方2' 发射了导弹!
[时间:60000][状态]: '轰炸机[1:1:1]' 位于(37.668269138528807, 34.85995659055996)	状态: 使命结束
[时间:60000][状态]: '轰炸机[1:1:2]' 位于(35.693786897103514, 35.178421468209194)	状态: 使命结束
[时间:60000][状态]: '轰炸机[1:1:3]' 位于(30.757581293540284, 35.974583662332279)	状态: 坠毁
[时间:60000][事件]: '轰炸机[1:1:3]' 轰炸守方军事目标 '攻击方1' 的使命结束!
[时间:60000][状态]: '轰炸机[1:1:4]' 位于(30.757581293540284, 35.974583662332279)	状态: 返回基地
[时间:60000][状态]: '轰炸机[2:1:1]' 位于(36, 14)	状态: 使命结束
[时间:60000][状态]: '轰炸机[2:1:2]' 位于(9, 14)	状态: 使命结束
[时间:60000][状态]: '轰炸机[2:1:3]' 位于(9, 14)	状态: 使命结束
[时间:60000][状态]: '轰炸机[2:1:4]' 位于(9, 14)	状态: 使命结束
[时间:60000][状态]: '轰炸机[2:1:5]' 位于(9, 14)	状态: 使命结束
[时间:60000][状态]: '轰炸机[2:1:6]' 位于(9, 14)	状态: 使命结束
[时间:60000][状态]: '轰炸机[2:1:7]' 位于(9, 14)	状态: 使命结束
[时间:60000][状态]: '轰炸机[2:1:8]' 位于(9, 14)	状态: 使命结束
[时间:60000][状态]: '轰炸机[2:2:1]' 位于(32, 14)	状态: 返回基地
[时间:60000][状态]: '轰炸机[2:2:2]' 位于(32, 14)	状态: 返回基地
[时间:60000][状态]: '攻击方1': 位置: (12, 39)	待命: 0	起飞: 0	坠毁: 0	返航: 1	完成: 3
[时间:60000][状态]: '攻击方2': 位置: (9, 14)	待命: 0	起飞: 0	坠毁: 0	返航: 2	完成: 8
[时间:61000][事件]: '防守方1' 进入了待机发射状态!
[时间:61000][事件]: '导弹[1:1]' 拦截轰炸机 '轰炸机[1:1:3]' 的使命结束!
[时间:61000][状态]: '防守方1'	位于: (44, 41)	导弹剩余数: 0	状态: 待机发射
[时间:61000][状态]: '防守方2'	位于: (42, 20)	导弹剩余数: 0	状态: 发射导弹
[时间:61000][状态]: '轰炸机[1:1:1]' 位于(37.668269138528807, 34.85995659055996)	状态: 使命结束
[时间:61000][状态]: '轰炸机[1:1:2]' 位于(35.693786897103514, 35.178421468209194)	状态: 使命结束
[时间:61000][状态]: '轰炸机[1:1:3]' 位于(30.757581293540284, 35.974583662332279)	状态: 使命结束
[时间:61000][状态]: '轰炸机[1:1:4]' 位于(29.770340172827638, 36.133816101156896)	状态: 返回基地
[时间:61000][状态]: '轰炸机[2:1:1]' 位于(36, 14)	状态: 使命结束
[时间:61000][状态]: '轰炸机[2:1:2]' 位于(9, 14)	状态: 使命结束
[时间:61000][状态]: '轰炸机[2:1:3]' 位于(9, 14)	状态: 使命结束
[时间:61000][状态]: '轰炸机[2:1:4]' 位于(9, 14)	状态: 使命结束
[时间:61000][状态]: '轰炸机[2:1:5]' 位于(9, 14)	状态: 使命结束
[时间:61000][状态]: '轰炸机[2:1:6]' 位于(9, 14)	状态: 使命结束
[时间:61000][状态]: '轰炸机[2:1:7]' 位于(9, 14)	状态: 使命结束
[时间:61000][状态]: '轰炸机[2:1:8]' 位于(9, 14)	状态: 使命结束
[时间:61000][状态]: '轰炸机[2:2:1]' 位于(31, 14)	状态: 返回基地
[时间:61000][状态]: '轰炸机[2:2:2]' 位于(31, 14)	状态: 返回基地
[时间:61000][状态]: '攻击方1': 位置: (12, 39)	待命: 0	起飞: 0	坠毁: 0	返航: 1	完成: 3
[时间:61000][状态]: '攻击方2': 位置: (9, 14)	待命: 0	起飞: 0	坠毁: 0	返航: 2	完成: 8
[时间:62000][状态]: '防守方1'	位于: (44, 41)	导弹剩余数: 0	状态: 待机发射
[时间:62000][状态]: '防守方2'	位于: (42, 20)	导弹剩余数: 0	状态: 发射导弹
[时间:62000][状态]: '轰炸机[1:1:1]' 位于(37.668269138528807, 34.85995659055996)	状态: 使命结束
[时间:62000][状态]: '轰炸机[1:1:2]' 位于(35.693786897103514, 35.178421468209194)	状态: 使命结束
[时间:62000][状态]: '轰炸机[1:1:3]' 位于(30.757581293540284, 35.974583662332279)	状态: 使命结束
[时间:62000][状态]: '轰炸机[1:1:4]' 位于(28.783099052114991, 36.293048539981513)	状态: 返回基地
[时间:62000][状态]: '轰炸机[2:1:1]' 位于(36, 14)	状态: 使命结束
[时间:62000][状态]: '轰炸机[2:1:2]' 位于(9, 14)	状态: 使命结束
[时间:62000][状态]: '轰炸机[2:1:3]' 位于(9, 14)	状态: 使命结束
[时间:62000][状态]: '轰炸机[2:1:4]' 位于(9, 14)	状态: 使命结束
[时间:62000][状态]: '轰炸机[2:1:5]' 位于(9, 14)	状态: 使命结束
[时间:62000][状态]: '轰炸机[2:1:6]' 位于(9, 14)	状态: 使命结束
[时间:62000][状态]: '轰炸机[2:1:7]' 位于(9, 14)	状态: 使命结束
[时间:62000][状态]: '轰炸机[2:1:8]' 位于(9, 14)	状态: 使命结束
[时间:62000][状态]: '轰炸机[2:2:1]' 位于(30, 14)	状态: 返回基地
[时间:62000][状态]: '轰炸机[2:2:2]' 位于(30, 14)	状态: 返回基地
[时间:62000][状态]: '攻击方1': 位置: (12, 39)	待命: 0	起飞: 0	坠毁: 0	返航: 1	完成: 3
[时间:62000][状态]: '攻击方2': 位置: (9, 14)	待命: 0	起飞: 0	坠毁: 0	返航: 2	完成: 8
[时间:63000][状态]: '防守方1'	位于: (44, 41)	导弹剩余数: 0	状态: 待机发射
[时间:63000][状态]: '防守方2'	位于: (42, 20)	导弹剩余数: 0	状态: 发射导弹
[时间:63000][状态]: '轰炸机[1:1:1]' 位于(37.668269138528807, 34.85995659055996)	状态: 使命结束
[时间:63000][状态]: '轰炸机[1:1:2]' 位于(35.693786897103514, 35.178421468209194)	状态: 使命结束
[时间:63000][状态]: '轰炸机[1:1:3]' 位于(30.757581293540284, 35.974583662332279)	状态: 使命结束
[时间:63000][状态]: '轰炸机[1:1:4]' 位于(27.795857931402345, 36.452280978806129)	状态: 返回基地
[时间:63000][状态]: '轰炸机[2:1:1]' 位于(36, 14)	状态: 使命结束
[时间:63000][状态]: '轰炸机[2:1:2]' 位于(9, 14)	状态: 使命结束
[时间:63000][状态]: '轰炸机[2:1:3]' 位于(9, 14)	状态: 使命结束
[时间:63000][状态]: '轰炸机[2:1:4]' 位于(9, 14)	状态: 使命结束
[时间:63000][状态]: '轰炸机[2:1:5]' 位于(9, 14)	状态: 使命结束
[时间:63000][状态]: '轰炸机[2:1:6]' 位于(9, 14)	状态: 使命结束
[时间:63000][状态]: '轰炸机[2:1:7]' 位于(9, 14)	状态: 使命结束
[时间:63000][状态]: '轰炸机[2:1:8]' 位于(9, 14)	状态: 使命结束
[时间:63000][状态]: '轰炸机[2:2:1]' 位于(29, 14)	状态: 返回基地
[时间:63000][状态]: '轰炸机[2:2:2]' 位于(29, 14)	状态: 返回基地
[时间:63000][状态]: '攻击方1': 位置: (12, 39)	待命: 0	起飞: 0	坠毁: 0	返航: 1	完成: 3
[时间:63000][状态]: '攻击方2': 位置: (9, 14)	待命: 0	起飞: 0	坠毁: 0	返航: 2	完成: 8
[时间:64000][状态]: '防守方1'	位于: (44, 41)	导弹剩余数: 0	状态: 待机发射
[时间:64000][状态]: '防守方2'	位于: (42, 20)	导弹剩余数: 0	状态: 发射导弹
[时间:64000][状态]: '轰炸机[1:1:1]' 位于(37.668269138528807, 34.85995659055996)	状态: 使命结束
[时间:64000][状态]: '轰炸机[1:1:2]' 位于(35.693786897103514, 35.178421468209194)	状态: 使命结束
[时间:64000][状态]: '轰炸机[1:1:3]' 位于(30.757581293540284, 35.974583662332279)	状态: 使命结束
[时间:64000][状态]: '轰炸机[1:1:4]' 位于(26.808616810689699, 36.611513417630746)	状态: 返回基地
[时间:64000][状态]: '轰炸机[2:1:1]' 位于(36, 14)	状态: 使命结束
[时间:64000][状态]: '轰炸机[2:1:2]' 位于(9, 14)	状态: 使命结束
[时间:64000][状态]: '轰炸机[2:1:3]' 位于(9, 14)	状态: 使命结束
[时间:64000][状态]: '轰炸机[2:1:4]' 位于(9, 14)	状态: 使命结束
[时间:64000][状态]: '轰炸机[2:1:5]' 位于(9, 14)	状态: 使命结束
[时间:64000][状态]: '轰炸机[2:1:6]' 位于(9, 14)	状态: 使命结束
[时间:64000][状态]: '轰炸机[2:1:7]' 位于(9, 14)	状态: 使命结束
[时间:64000][状态]: '轰炸机[2:1:8]' 位于(9, 14)	状态: 使命结束
[时间:64000][状态]: '轰炸机[2:2:1]' 位于(28, 14)	状态: 返回基地
[时间:64000][状态]: '轰炸机[2:2:2]' 位于(28, 14)	状态: 返回基地
[时间:64000][状态]: '攻击方1': 位置: (12, 39)	待命: 0	起飞: 0	坠毁: 0	返航: 1	完成: 3
[时间:64000][状态]: '攻击方2': 位置: (9, 14)	待命: 0	起飞: 0	坠毁: 0	返航: 2	完成: 8
[时间:65000][事件]: '导弹[2:1]飞出了作战范围!'
[时间:65000][事件]: '轰炸机[2:2:1]' 被导弹击中, 坠毁位置: (27, 14), 轰炸守方军事目标 '军事目标2' 的任务失败!
[时间:65000][事件]: '导弹[2:1]' 在坐标: (28.369920397277689, 13.737338423365557)处成功拦截轰炸机 '轰炸机[2:2:1]'!
[时间:65000][状态]: '防守方1'	位于: (44, 41)	导弹剩余数: 0	状态: 待机发射
[时间:65000][状态]: '防守方2'	位于: (42, 20)	导弹剩余数: 0	状态: 发射导弹
[时间:65000][状态]: '轰炸机[1:1:1]' 位于(37.668269138528807, 34.85995659055996)	状态: 使命结束
[时间:65000][状态]: '轰炸机[1:1:2]' 位于(35.693786897103514, 35.178421468209194)	状态: 使命结束
[时间:65000][状态]: '轰炸机[1:1:3]' 位于(30.757581293540284, 35.974583662332279)	状态: 使命结束
[时间:65000][状态]: '轰炸机[1:1:4]' 位于(25.821375689977053, 36.770745856455363)	状态: 返回基地
[时间:65000][状态]: '轰炸机[2:1:1]' 位于(36, 14)	状态: 使命结束
[时间:65000][状态]: '轰炸机[2:1:2]' 位于(9, 14)	状态: 使命结束
[时间:65000][状态]: '轰炸机[2:1:3]' 位于(9, 14)	状态: 使命结束
[时间:65000][状态]: '轰炸机[2:1:4]' 位于(9, 14)	状态: 使命结束
[时间:65000][状态]: '轰炸机[2:1:5]' 位于(9, 14)	状态: 使命结束
[时间:65000][状态]: '轰炸机[2:1:6]' 位于(9, 14)	状态: 使命结束
[时间:65000][状态]: '轰炸机[2:1:7]' 位于(9, 14)	状态: 使命结束
[时间:65000][状态]: '轰炸机[2:1:8]' 位于(9, 14)	状态: 使命结束
[时间:65000][状态]: '轰炸机[2:2:1]' 位于(27, 14)	状态: 坠毁
[时间:65000][事件]: '轰炸机[2:2:1]' 轰炸守方军事目标 '攻击方2' 的使命结束!
[时间:65000][状态]: '轰炸机[2:2:2]' 位于(27, 14)	状态: 返回基地
[时间:65000][状态]: '攻击方1': 位置: (12, 39)	待命: 0	起飞: 0	坠毁: 0	返航: 1	完成: 3
[时间:65000][状态]: '攻击方2': 位置: (9, 14)	待命: 0	起飞: 0	坠毁: 0	返航: 1	完成: 9
[时间:66000][事件]: '防守方2' 进入了待机发射状态!
[时间:66000][事件]: '导弹[2:1]' 拦截轰炸机 '轰炸机[2:2:1]' 的使命结束!
[时间:66000][状态]: '防守方1'	位于: (44, 41)	导弹剩余数: 0	状态: 待机发射
[时间:66000][状态]: '防守方2'	位于: (42, 20)	导弹剩余数: 0	状态: 待机发射
[时间:66000][状态]: '轰炸机[1:1:1]' 位于(37.668269138528807, 34.85995659055996)	状态: 使命结束
[时间:66000][状态]: '轰炸机[1:1:2]' 位于(35.693786897103514, 35.178421468209194)	状态: 使命结束
[时间:66000][状态]: '轰炸机[1:1:3]' 位于(30.757581293540284, 35.974583662332279)	状态: 使命结束
[时间:66000][状态]: '轰炸机[1:1:4]' 位于(24.834134569264407, 36.92997829527998)	状态: 返回基地
[时间:66000][状态]: '轰炸机[2:1:1]' 位于(36, 14)	状态: 使命结束
[时间:66000][状态]: '轰炸机[2:1:2]' 位于(9, 14)	状态: 使命结束
[时间:66000][状态]: '轰炸机[2:1:3]' 位于(9, 14)	状态: 使命结束
[时间:66000][状态]: '轰炸机[2:1:4]' 位于(9, 14)	状态: 使命结束
[时间:66000][状态]: '轰炸机[2:1:5]' 位于(9, 14)	状态: 使命结束
[时间:66000][状态]: '轰炸机[2:1:6]' 位于(9, 14)	状态: 使命结束
[时间:66000][状态]: '轰炸机[2:1:7]' 位于(9, 14)	状态: 使命结束
[时间:66000][状态]: '轰炸机[2:1:8]' 位于(9, 14)	状态: 使命结束
[时间:66000][状态]: '轰炸机[2:2:1]' 位于(27, 14)	状态: 使命结束
[时间:66000][状态]: '轰炸机[2:2:2]' 位于(26, 14)	状态: 返回基地
[时间:66000][状态]: '攻击方1': 位置: (12, 39)	待命: 0	起飞: 0	坠毁: 0	返航: 1	完成: 3
[时间:66000][状态]: '攻击方2': 位置: (9, 14)	待命: 0	起飞: 0	坠毁: 0	返航: 1	完成: 9
[时间:67000][状态]: '防守方1'	位于: (44, 41)	导弹剩余数: 0	状态: 待机发射
[时间:67000][状态]: '防守方2'	位于: (42, 20)	导弹剩余数: 0	状态: 待机发射
[时间:67000][状态]: '轰炸机[1:1:1]' 位于(37.668269138528807, 34.85995659055996)	状态: 使命结束
[时间:67000][状态]: '轰炸机[1:1:2]' 位于(35.693786897103514, 35.178421468209194)	状态: 使命结束
[时间:67000][状态]: '轰炸机[1:1:3]' 位于(30.757581293540284, 35.974583662332279)	状态: 使命结束
[时间:67000][状态]: '轰炸机[1:1:4]' 位于(23.846893448551761, 37.089210734104597)	状态: 返回基地
[时间:67000][状态]: '轰炸机[2:1:1]' 位于(36, 14)	状态: 使命结束
[时间:67000][状态]: '轰炸机[2:1:2]' 位于(9, 14)	状态: 使命结束
[时间:67000][状态]: '轰炸机[2:1:3]' 位于(9, 14)	状态: 使命结束
[时间:67000][状态]: '轰炸机[2:1:4]' 位于(9, 14)	状态: 使命结束
[时间:67000][状态]: '轰炸机[2:1:5]' 位于(9, 14)	状态: 使命结束
[时间:67000][状态]: '轰炸机[2:1:6]' 位于(9, 14)	状态: 使命结束
[时间:67000][状态]: '轰炸机[2:1:7]' 位于(9, 14)	状态: 使命结束
[时间:67000][状态]: '轰炸机[2:1:8]' 位于(9, 14)	状态: 使命结束
[时间:67000][状态]: '轰炸机[2:2:1]' 位于(27, 14)	状态: 使命结束
[时间:67000][状态]: '轰炸机[2:2:2]' 位于(25, 14)	状态: 返回基地
[时间:67000][状态]: '攻击方1': 位置: (12, 39)	待命: 0	起飞: 0	坠毁: 0	返航: 1	完成: 3
[时间:67000][状态]: '攻击方2': 位置: (9, 14)	待命: 0	起飞: 0	坠毁: 0	返航: 1	完成: 9
[时间:68000][状态]: '防守方1'	位于: (44, 41)	导弹剩余数: 0	状态: 待机发射
[时间:68000][状态]: '防守方2'	位于: (42, 20)	导弹剩余数: 0	状态: 待机发射
[时间:68000][状态]: '轰炸机[1:1:1]' 位于(37.668269138528807, 34.85995659055996)	状态: 使命结束
[时间:68000][状态]: '轰炸机[1:1:2]' 位于(35.693786897103514, 35.178421468209194)	状态: 使命结束
[时间:68000][状态]: '轰炸机[1:1:3]' 位于(30.757581293540284, 35.974583662332279)	状态: 使命结束
[时间:68000][状态]: '轰炸机[1:1:4]' 位于(22.859652327839115, 37.248443172929214)	状态: 返回基地
[时间:68000][状态]: '轰炸机[2:1:1]' 位于(36, 14)	状态: 使命结束
[时间:68000][状态]: '轰炸机[2:1:2]' 位于(9, 14)	状态: 使命结束
[时间:68000][状态]: '轰炸机[2:1:3]' 位于(9, 14)	状态: 使命结束
[时间:68000][状态]: '轰炸机[2:1:4]' 位于(9, 14)	状态: 使命结束
[时间:68000][状态]: '轰炸机[2:1:5]' 位于(9, 14)	状态: 使命结束
[时间:68000][状态]: '轰炸机[2:1:6]' 位于(9, 14)	状态: 使命结束
[时间:68000][状态]: '轰炸机[2:1:7]' 位于(9, 14)	状态: 使命结束
[时间:68000][状态]: '轰炸机[2:1:8]' 位于(9, 14)	状态: 使命结束
[时间:68000][状态]: '轰炸机[2:2:1]' 位于(27, 14)	状态: 使命结束
[时间:68000][状态]: '轰炸机[2:2:2]' 位于(24, 14)	状态: 返回基地
[时间:68000][状态]: '攻击方1': 位置: (12, 39)	待命: 0	起飞: 0	坠毁: 0	返航: 1	完成: 3
[时间:68000][状态]: '攻击方2': 位置: (9, 14)	待命: 0	起飞: 0	坠毁: 0	返航: 1	完成: 9
[时间:69000][状态]: '防守方1'	位于: (44, 41)	导弹剩余数: 0	状态: 待机发射
[时间:69000][状态]: '防守方2'	位于: (42, 20)	导弹剩余数: 0	状态: 待机发射
[时间:69000][状态]: '轰炸机[1:1:1]' 位于(37.668269138528807, 34.85995659055996)	状态: 使命结束
[时间:69000][状态]: '轰炸机[1:1:2]' 位于(35.693786897103514, 35.178421468209194)	状态: 使命结束
[时间:69000][状态]: '轰炸机[1:1:3]' 位于(30.757581293540284, 35.974583662332279)	状态: 使命结束
[时间:69000][状态]: '轰炸机[1:1:4]' 位于(21.872411207126468, 37.407675611753831)	状态: 返回基地
[时间:69000][状态]: '轰炸机[2:1:1]' 位于(36, 14)	状态: 使命结束
[时间:69000][状态]: '轰炸机[2:1:2]' 位于(9, 14)	状态: 使命结束
[时间:69000][状态]: '轰炸机[2:1:3]' 位于(9, 14)	状态: 使命结束
[时间:69000][状态]: '轰炸机[2:1:4]' 位于(9, 14)	状态: 使命结束
[时间:69000][状态]: '轰炸机[2:1:5]' 位于(9, 14)	状态: 使命结束
[时间:69000][状态]: '轰炸机[2:1:6]' 位于(9, 14)	状态: 使命结束
[时间:69000][状态]: '轰炸机[2:1:7]' 位于(9, 14)	状态: 使命结束
[时间:69000][状态]: '轰炸机[2:1:8]' 位于(9, 14)	状态: 使命结束
[时间:69000][状态]: '轰炸机[2:2:1]' 位于(27, 14)	状态: 使命结束
[时间:69000][状态]: '轰炸机[2:2:2]' 位于(23, 14)	状态: 返回基地
[时间:69000][状态]: '攻击方1': 位置: (12, 39)	待命: 0	起飞: 0	坠毁: 0	返航: 1	完成: 3
[时间:69000][状态]: '攻击方2': 位置: (9, 14)	待命: 0	起飞: 0	坠毁: 0	返航: 1	完成: 9
[时间:70000][状态]: '防守方1'	位于: (44, 41)	导弹剩余数: 0	状态: 待机发射
[时间:70000][状态]: '防守方2'	位于: (42, 20)	导弹剩余数: 0	状态: 待机发射
[时间:70000][状态]: '轰炸机[1:1:1]' 位于(37.668269138528807, 34.85995659055996)	状态: 使命结束
[时间:70000][状态]: '轰炸机[1:1:2]' 位于(35.693786897103514, 35.178421468209194)	状态: 使命结束
[时间:70000][状态]: '轰炸机[1:1:3]' 位于(30.757581293540284, 35.974583662332279)	状态: 使命结束
[时间:70000][状态]: '轰炸机[1:1:4]' 位于(20.885170086413822, 37.566908050578448)	状态: 返回基地
[时间:70000][状态]: '轰炸机[2:1:1]' 位于(36, 14)	状态: 使命结束
[时间:70000][状态]: '轰炸机[2:1:2]' 位于(9, 14)	状态: 使命结束
[时间:70000][状态]: '轰炸机[2:1:3]' 位于(9, 14)	状态: 使命结束
[时间:70000][状态]: '轰炸机[2:1:4]' 位于(9, 14)	状态: 使命结束
[时间:70000][状态]: '轰炸机[2:1:5]' 位于(9, 14)	状态: 使命结束
[时间:70000][状态]: '轰炸机[2:1:6]' 位于(9, 14)	状态: 使命结束
[时间:70000][状态]: '轰炸机[2:1:7]' 位于(9, 14)	状态: 使命结束
[时间:70000][状态]: '轰炸机[2:1:8]' 位于(9, 14)	状态: 使命结束
[时间:70000][状态]: '轰炸机[2:2:1]' 位于(27, 14)	状态: 使命结束
[时间:70000][状态]: '轰炸机[2:2:2]' 位于(22, 14)	状态: 返回基地
[时间:70000][状态]: '攻击方1': 位置: (12, 39)	待命: 0	起飞: 0	坠毁: 0	返航: 1	完成: 3
[时间:70000][状态]: '攻击方2': 位置: (9, 14)	待命: 0	起飞: 0	坠毁: 0	返航: 1	完成: 9
[时间:71000][状态]: '防守方1'	位于: (44, 41)	导弹剩余数: 0	状态: 待机发射
[时间:71000][状态]: '防守方2'	位于: (42, 20)	导弹剩余数: 0	状态: 待机发射
[时间:71000][状态]: '轰炸机[1:1:1]' 位于(37.668269138528807, 34.85995659055996)	状态: 使命结束
[时间:71000][状态]: '轰炸机[1:1:2]' 位于(35.693786897103514, 35.178421468209194)	状态: 使命结束
[时间:71000][状态]: '轰炸机[1:1:3]' 位于(30.757581293540284, 35.974583662332279)	状态: 使命结束
[时间:71000][状态]: '轰炸机[1:1:4]' 位于(19.897928965701176, 37.726140489403065)	状态: 返回基地
[时间:71000][状态]: '轰炸机[2:1:1]' 位于(36, 14)	状态: 使命结束
[时间:71000][状态]: '轰炸机[2:1:2]' 位于(9, 14)	状态: 使命结束
[时间:71000][状态]: '轰炸机[2:1:3]' 位于(9, 14)	状态: 使命结束
[时间:71000][状态]: '轰炸机[2:1:4]' 位于(9, 14)	状态: 使命结束
[时间:71000][状态]: '轰炸机[2:1:5]' 位于(9, 14)	状态: 使命结束
[时间:71000][状态]: '轰炸机[2:1:6]' 位于(9, 14)	状态: 使命结束
[时间:71000][状态]: '轰炸机[2:1:7]' 位于(9, 14)	状态: 使命结束
[时间:71000][状态]: '轰炸机[2:1:8]' 位于(9, 14)	状态: 使命结束
[时间:71000][状态]: '轰炸机[2:2:1]' 位于(27, 14)	状态: 使命结束
[时间:71000][状态]: '轰炸机[2:2:2]' 位于(21, 14)	状态: 返回基地
[时间:71000][状态]: '攻击方1': 位置: (12, 39)	待命: 0	起飞: 0	坠毁: 0	返航: 1	完成: 3
[时间:71000][状态]: '攻击方2': 位置: (9, 14)	待命: 0	起飞: 0	坠毁: 0	返航: 1	完成: 9
[时间:72000][状态]: '防守方1'	位于: (44, 41)	导弹剩余数: 0	状态: 待机发射
[时间:72000][状态]: '防守方2'	位于: (42, 20)	导弹剩余数: 0	状态: 待机发射
[时间:72000][状态]: '轰炸机[1:1:1]' 位于(37.668269138528807, 34.85995659055996)	状态: 使命结束
[时间:72000][状态]: '轰炸机[1:1:2]' 位于(35.693786897103514, 35.178421468209194)	状态: 使命结束
[时间:72000][状态]: '轰炸机[1:1:3]' 位于(30.757581293540284, 35.974583662332279)	状态: 使命结束
[时间:72000][状态]: '轰炸机[1:1:4]' 位于(18.91068784498853, 37.885372928227682)	状态: 返回基地
[时间:72000][状态]: '轰炸机[2:1:1]' 位于(36, 14)	状态: 使命结束
[时间:72000][状态]: '轰炸机[2:1:2]' 位于(9, 14)	状态: 使命结束
[时间:72000][状态]: '轰炸机[2:1:3]' 位于(9, 14)	状态: 使命结束
[时间:72000][状态]: '轰炸机[2:1:4]' 位于(9, 14)	状态: 使命结束
[时间:72000][状态]: '轰炸机[2:1:5]' 位于(9, 14)	状态: 使命结束
[时间:72000][状态]: '轰炸机[2:1:6]' 位于(9, 14)	状态: 使命结束
[时间:72000][状态]: '轰炸机[2:1:7]' 位于(9, 14)	状态: 使命结束
[时间:72000][状态]: '轰炸机[2:1:8]' 位于(9, 14)	状态: 使命结束
[时间:72000][状态]: '轰炸机[2:2:1]' 位于(27, 14)	状态: 使命结束
[时间:72000][状态]: '轰炸机[2:2:2]' 位于(20, 14)	状态: 返回基地
[时间:72000][状态]: '攻击方1': 位置: (12, 39)	待命: 0	起飞: 0	坠毁: 0	返航: 1	完成: 3
[时间:72000][状态]: '攻击方2': 位置: (9, 14)	待命: 0	起飞: 0	坠毁: 0	返航: 1	完成: 9
[时间:73000][状态]: '防守方1'	位于: (44, 41)	导弹剩余数: 0	状态: 待机发射
[时间:73000][状态]: '防守方2'	位于: (42, 20)	导弹剩余数: 0	状态: 待机发射
[时间:73000][状态]: '轰炸机[1:1:1]' 位于(37.668269138528807, 34.85995659055996)	状态: 使命结束
[时间:73000][状态]: '轰炸机[1:1:2]' 位于(35.693786897103514, 35.178421468209194)	状态: 使命结束
[时间:73000][状态]: '轰炸机[1:1:3]' 位于(30.757581293540284, 35.974583662332279)	状态: 使命结束
[时间:73000][状态]: '轰炸机[1:1:4]' 位于(17.923446724275884, 38.044605367052299)	状态: 返回基地
[时间:73000][状态]: '轰炸机[2:1:1]' 位于(36, 14)	状态: 使命结束
[时间:73000][状态]: '轰炸机[2:1:2]' 位于(9, 14)	状态: 使命结束
[时间:73000][状态]: '轰炸机[2:1:3]' 位于(9, 14)	状态: 使命结束
[时间:73000][状态]: '轰炸机[2:1:4]' 位于(9, 14)	状态: 使命结束
[时间:73000][状态]: '轰炸机[2:1:5]' 位于(9, 14)	状态: 使命结束
[时间:73000][状态]: '轰炸机[2:1:6]' 位于(9, 14)	状态: 使命结束
[时间:73000][状态]: '轰炸机[2:1:7]' 位于(9, 14)	状态: 使命结束
[时间:73000][状态]: '轰炸机[2:1:8]' 位于(9, 14)	状态: 使命结束
[时间:73000][状态]: '轰炸机[2:2:1]' 位于(27, 14)	状态: 使命结束
[时间:73000][状态]: '轰炸机[2:2:2]' 位于(19, 14)	状态: 返回基地
[时间:73000][状态]: '攻击方1': 位置: (12, 39)	待命: 0	起飞: 0	坠毁: 0	返航: 1	完成: 3
[时间:73000][状态]: '攻击方2': 位置: (9, 14)	待命: 0	起飞: 0	坠毁: 0	返航: 1	完成: 9
[时间:74000][状态]: '防守方1'	位于: (44, 41)	导弹剩余数: 0	状态: 待机发射
[时间:74000][状态]: '防守方2'	位于: (42, 20)	导弹剩余数: 0	状态: 待机发射
[时间:74000][状态]: '轰炸机[1:1:1]' 位于(37.668269138528807, 34.85995659055996)	状态: 使命结束
[时间:74000][状态]: '轰炸机[1:1:2]' 位于(35.693786897103514, 35.178421468209194)	状态: 使命结束
[时间:74000][状态]: '轰炸机[1:1:3]' 位于(30.757581293540284, 35.974583662332279)	状态: 使命结束
[时间:74000][状态]: '轰炸机[1:1:4]' 位于(16.936205603563238, 38.203837805876915)	状态: 返回基地
[时间:74000][状态]: '轰炸机[2:1:1]' 位于(36, 14)	状态: 使命结束
[时间:74000][状态]: '轰炸机[2:1:2]' 位于(9, 14)	状态: 使命结束
[时间:74000][状态]: '轰炸机[2:1:3]' 位于(9, 14)	状态: 使命结束
[时间:74000][状态]: '轰炸机[2:1:4]' 位于(9, 14)	状态: 使命结束
[时间:74000][状态]: '轰炸机[2:1:5]' 位于(9, 14)	状态: 使命结束
[时间:74000][状态]: '轰炸机[2:1:6]' 位于(9, 14)	状态: 使命结束
[时间:74000][状态]: '轰炸机[2:1:7]' 位于(9, 14)	状态: 使命结束
[时间:74000][状态]: '轰炸机[2:1:8]' 位于(9, 14)	状态: 使命结束
[时间:74000][状态]: '轰炸机[2:2:1]' 位于(27, 14)	状态: 使命结束
[时间:74000][状态]: '轰炸机[2:2:2]' 位于(18, 14)	状态: 返回基地
[时间:74000][状态]: '攻击方1': 位置: (12, 39)	待命: 0	起飞: 0	坠毁: 0	返航: 1	完成: 3
[时间:74000][状态]: '攻击方2': 位置: (9, 14)	待命: 0	起飞: 0	坠毁: 0	返航: 1	完成: 9
[时间:75000][状态]: '防守方1'	位于: (44, 41)	导弹剩余数: 0	状态: 待机发射
[时间:75000][状态]: '防守方2'	位于: (42, 20)	导弹剩余数: 0	状态: 待机发射
[时间:75000][状态]: '轰炸机[1:1:1]' 位于(37.668269138528807, 34.85995659055996)	状态: 使命结束
[时间:75000][状态]: '轰炸机[1:1:2]' 位于(35.693786897103514, 35.178421468209194)	状态: 使命结束
[时间:75000][状态]: '轰炸机[1:1:3]' 位于(30.757581293540284, 35.974583662332279)	状态: 使命结束
[时间:75000][状态]: '轰炸机[1:1:4]' 位于(15.94896448285059, 38.363070244701532)	状态: 返回基地
[时间:75000][状态]: '轰炸机[2:1:1]' 位于(36, 14)	状态: 使命结束
[时间:75000][状态]: '轰炸机[2:1:2]' 位于(9, 14)	状态: 使命结束
[时间:75000][状态]: '轰炸机[2:1:3]' 位于(9, 14)	状态: 使命结束
[时间:75000][状态]: '轰炸机[2:1:4]' 位于(9, 14)	状态: 使命结束
[时间:75000][状态]: '轰炸机[2:1:5]' 位于(9, 14)	状态: 使命结束
[时间:75000][状态]: '轰炸机[2:1:6]' 位于(9, 14)	状态: 使命结束
[时间:75000][状态]: '轰炸机[2:1:7]' 位于(9, 14)	状态: 使命结束
[时间:75000][状态]: '轰炸机[2:1:8]' 位于(9, 14)	状态: 使命结束
[时间:75000][状态]: '轰炸机[2:2:1]' 位于(27, 14)	状态: 使命结束
[时间:75000][状态]: '轰炸机[2:2:2]' 位于(17, 14)	状态: 返回基地
[时间:75000][状态]: '攻击方1': 位置: (12, 39)	待命: 0	起飞: 0	坠毁: 0	返航: 1	完成: 3
[时间:75000][状态]: '攻击方2': 位置: (9, 14)	待命: 0	起飞: 0	坠毁: 0	返航: 1	完成: 9
[时间:76000][状态]: '防守方1'	位于: (44, 41)	导弹剩余数: 0	状态: 待机发射
[时间:76000][状态]: '防守方2'	位于: (42, 20)	导弹剩余数: 0	状态: 待机发射
[时间:76000][状态]: '轰炸机[1:1:1]' 位于(37.668269138528807, 34.85995659055996)	状态: 使命结束
[时间:76000][状态]: '轰炸机[1:1:2]' 位于(35.693786897103514, 35.178421468209194)	状态: 使命结束
[时间:76000][状态]: '轰炸机[1:1:3]' 位于(30.757581293540284, 35.974583662332279)	状态: 使命结束
[时间:76000][状态]: '轰炸机[1:1:4]' 位于(14.961723362137942, 38.522302683526149)	状态: 返回基地
[时间:76000][状态]: '轰炸机[2:1:1]' 位于(36, 14)	状态: 使命结束
[时间:76000][状态]: '轰炸机[2:1:2]' 位于(9, 14)	状态: 使命结束
[时间:76000][状态]: '轰炸机[2:1:3]' 位于(9, 14)	状态: 使命结束
[时间:76000][状态]: '轰炸机[2:1:4]' 位于(9, 14)	状态: 使命结束
[时间:76000][状态]: '轰炸机[2:1:5]' 位于(9, 14)	状态: 使命结束
[时间:76000][状态]: '轰炸机[2:1:6]' 位于(9, 14)	状态: 使命结束
[时间:76000][状态]: '轰炸机[2:1:7]' 位于(9, 14)	状态: 使命结束
[时间:76000][状态]: '轰炸机[2:1:8]' 位于(9, 14)	状态: 使命结束
[时间:76000][状态]: '轰炸机[2:2:1]' 位于(27, 14)	状态: 使命结束
[时间:76000][状态]: '轰炸机[2:2:2]' 位于(16, 14)	状态: 返回基地
[时间:76000][状态]: '攻击方1': 位置: (12, 39)	待命: 0	起飞: 0	坠毁: 0	返航: 1	完成: 3
[时间:76000][状态]: '攻击方2': 位置: (9, 14)	待命: 0	起飞: 0	坠毁: 0	返航: 1	完成: 9
[时间:77000][状态]: '防守方1'	位于: (44, 41)	导弹剩余数: 0	状态: 待机发射
[时间:77000][状态]: '防守方2'	位于: (42, 20)	导弹剩余数: 0	状态: 待机发射
[时间:77000][状态]: '轰炸机[1:1:1]' 位于(37.668269138528807, 34.85995659055996)	状态: 使命结束
[时间:77000][状态]: '轰炸机[1:1:2]' 位于(35.693786897103514, 35.178421468209194)	状态: 使命结束
[时间:77000][状态]: '轰炸机[1:1:3]' 位于(30.757581293540284, 35.974583662332279)	状态: 使命结束
[时间:77000][状态]: '轰炸机[1:1:4]' 位于(13.974482241425294, 38.681535122350766)	状态: 返回基地
[时间:77000][状态]: '轰炸机[2:1:1]' 位于(36, 14)	状态: 使命结束
[时间:77000][状态]: '轰炸机[2:1:2]' 位于(9, 14)	状态: 使命结束
[时间:77000][状态]: '轰炸机[2:1:3]' 位于(9, 14)	状态: 使命结束
[时间:77000][状态]: '轰炸机[2:1:4]' 位于(9, 14)	状态: 使命结束
[时间:77000][状态]: '轰炸机[2:1:5]' 位于(9, 14)	状态: 使命结束
[时间:77000][状态]: '轰炸机[2:1:6]' 位于(9, 14)	状态: 使命结束
[时间:77000][状态]: '轰炸机[2:1:7]' 位于(9, 14)	状态: 使命结束
[时间:77000][状态]: '轰炸机[2:1:8]' 位于(9, 14)	状态: 使命结束
[时间:77000][状态]: '轰炸机[2:2:1]' 位于(27, 14)	状态: 使命结束
[时间:77000][状态]: '轰炸机[2:2:2]' 位于(15, 14)	状态: 返回基地
[时间:77000][状态]: '攻击方1': 位置: (12, 39)	待命: 0	起飞: 0	坠毁: 0	返航: 1	完成: 3
[时间:77000][状态]: '攻击方2': 位置: (9, 14)	待命: 0	起飞: 0	坠毁: 0	返航: 1	完成: 9
[时间:78000][状态]: '防守方1'	位于: (44, 41)	导弹剩余数: 0	状态: 待机发射
[时间:78000][状态]: '防守方2'	位于: (42, 20)	导弹剩余数: 0	状态: 待机发射
[时间:78000][状态]: '轰炸机[1:1:1]' 位于(37.668269138528807, 34.85995659055996)	状态: 使命结束
[时间:78000][状态]: '轰炸机[1:1:2]' 位于(35.693786897103514, 35.178421468209194)	状态: 使命结束
[时间:78000][状态]: '轰炸机[1:1:3]' 位于(30.757581293540284, 35.974583662332279)	状态: 使命结束
[时间:78000][状态]: '轰炸机[1:1:4]' 位于(12.987241120712646, 38.840767561175383)	状态: 返回基地
[时间:78000][事件]: '轰炸机[1:1:4]' 轰炸守方军事目标 '攻击方1' 的使命结束!
[时间:78000][状态]: '轰炸机[2:1:1]' 位于(36, 14)	状态: 使命结束
[时间:78000][状态]: '轰炸机[2:1:2]' 位于(9, 14)	状态: 使命结束
[时间:78000][状态]: '轰炸机[2:1:3]' 位于(9, 14)	状态: 使命结束
[时间:78000][状态]: '轰炸机[2:1:4]' 位于(9, 14)	状态: 使命结束
[时间:78000][状态]: '轰炸机[2:1:5]' 位于(9, 14)	状态: 使命结束
[时间:78000][状态]: '轰炸机[2:1:6]' 位于(9, 14)	状态: 使命结束
[时间:78000][状态]: '轰炸机[2:1:7]' 位于(9, 14)	状态: 使命结束
[时间:78000][状态]: '轰炸机[2:1:8]' 位于(9, 14)	状态: 使命结束
[时间:78000][状态]: '轰炸机[2:2:1]' 位于(27, 14)	状态: 使命结束
[时间:78000][状态]: '轰炸机[2:2:2]' 位于(14, 14)	状态: 返回基地
[时间:78000][状态]: '攻击方1': 位置: (12, 39)	待命: 0	起飞: 0	坠毁: 0	返航: 0	完成: 4
[时间:78000][状态]: '攻击方2': 位置: (9, 14)	待命: 0	起飞: 0	坠毁: 0	返航: 1	完成: 9
[时间:79000][状态]: '防守方1'	位于: (44, 41)	导弹剩余数: 0	状态: 待机发射
[时间:79000][状态]: '防守方2'	位于: (42, 20)	导弹剩余数: 0	状态: 待机发射
[时间:79000][状态]: '轰炸机[1:1:1]' 位于(37.668269138528807, 34.85995659055996)	状态: 使命结束
[时间:79000][状态]: '轰炸机[1:1:2]' 位于(35.693786897103514, 35.178421468209194)	状态: 使命结束
[时间:79000][状态]: '轰炸机[1:1:3]' 位于(30.757581293540284, 35.974583662332279)	状态: 使命结束
[时间:79000][状态]: '轰炸机[1:1:4]' 位于(12.987241120712646, 38.840767561175383)	状态: 使命结束
[时间:79000][状态]: '轰炸机[2:1:1]' 位于(36, 14)	状态: 使命结束
[时间:79000][状态]: '轰炸机[2:1:2]' 位于(9, 14)	状态: 使命结束
[时间:79000][状态]: '轰炸机[2:1:3]' 位于(9, 14)	状态: 使命结束
[时间:79000][状态]: '轰炸机[2:1:4]' 位于(9, 14)	状态: 使命结束
[时间:79000][状态]: '轰炸机[2:1:5]' 位于(9, 14)	状态: 使命结束
[时间:79000][状态]: '轰炸机[2:1:6]' 位于(9, 14)	状态: 使命结束
[时间:79000][状态]: '轰炸机[2:1:7]' 位于(9, 14)	状态: 使命结束
[时间:79000][状态]: '轰炸机[2:1:8]' 位于(9, 14)	状态: 使命结束
[时间:79000][状态]: '轰炸机[2:2:1]' 位于(27, 14)	状态: 使命结束
[时间:79000][状态]: '轰炸机[2:2:2]' 位于(13, 14)	状态: 返回基地
[时间:79000][状态]: '攻击方1': 位置: (12, 39)	待命: 0	起飞: 0	坠毁: 0	返航: 0	完成: 4
[时间:79000][状态]: '攻击方2': 位置: (9, 14)	待命: 0	起飞: 0	坠毁: 0	返航: 1	完成: 9
[时间:80000][状态]: '防守方1'	位于: (44, 41)	导弹剩余数: 0	状态: 待机发射
[时间:80000][状态]: '防守方2'	位于: (42, 20)	导弹剩余数: 0	状态: 待机发射
[时间:80000][状态]: '轰炸机[1:1:1]' 位于(37.668269138528807, 34.85995659055996)	状态: 使命结束
[时间:80000][状态]: '轰炸机[1:1:2]' 位于(35.693786897103514, 35.178421468209194)	状态: 使命结束
[时间:80000][状态]: '轰炸机[1:1:3]' 位于(30.757581293540284, 35.974583662332279)	状态: 使命结束
[时间:80000][状态]: '轰炸机[1:1:4]' 位于(12.987241120712646, 38.840767561175383)	状态: 使命结束
[时间:80000][状态]: '轰炸机[2:1:1]' 位于(36, 14)	状态: 使命结束
[时间:80000][状态]: '轰炸机[2:1:2]' 位于(9, 14)	状态: 使命结束
[时间:80000][状态]: '轰炸机[2:1:3]' 位于(9, 14)	状态: 使命结束
[时间:80000][状态]: '轰炸机[2:1:4]' 位于(9, 14)	状态: 使命结束
[时间:80000][状态]: '轰炸机[2:1:5]' 位于(9, 14)	状态: 使命结束
[时间:80000][状态]: '轰炸机[2:1:6]' 位于(9, 14)	状态: 使命结束
[时间:80000][状态]: '轰炸机[2:1:7]' 位于(9, 14)	状态: 使命结束
[时间:80000][状态]: '轰炸机[2:1:8]' 位于(9, 14)	状态: 使命结束
[时间:80000][状态]: '轰炸机[2:2:1]' 位于(27, 14)	状态: 使命结束
[时间:80000][状态]: '轰炸机[2:2:2]' 位于(12, 14)	状态: 返回基地
[时间:80000][状态]: '攻击方1': 位置: (12, 39)	待命: 0	起飞: 0	坠毁: 0	返航: 0	完成: 4
[时间:80000][状态]: '攻击方2': 位置: (9, 14)	待命: 0	起飞: 0	坠毁: 0	返航: 1	完成: 9
[时间:81000][状态]: '防守方1'	位于: (44, 41)	导弹剩余数: 0	状态: 待机发射
[时间:81000][状态]: '防守方2'	位于: (42, 20)	导弹剩余数: 0	状态: 待机发射
[时间:81000][状态]: '轰炸机[1:1:1]' 位于(37.668269138528807, 34.85995659055996)	状态: 使命结束
[时间:81000][状态]: '轰炸机[1:1:2]' 位于(35.693786897103514, 35.178421468209194)	状态: 使命结束
[时间:81000][状态]: '轰炸机[1:1:3]' 位于(30.757581293540284, 35.974583662332279)	状态: 使命结束
[时间:81000][状态]: '轰炸机[1:1:4]' 位于(12.987241120712646, 38.840767561175383)	状态: 使命结束
[时间:81000][状态]: '轰炸机[2:1:1]' 位于(36, 14)	状态: 使命结束
[时间:81000][状态]: '轰炸机[2:1:2]' 位于(9, 14)	状态: 使命结束
[时间:81000][状态]: '轰炸机[2:1:3]' 位于(9, 14)	状态: 使命结束
[时间:81000][状态]: '轰炸机[2:1:4]' 位于(9, 14)	状态: 使命结束
[时间:81000][状态]: '轰炸机[2:1:5]' 位于(9, 14)	状态: 使命结束
[时间:81000][状态]: '轰炸机[2:1:6]' 位于(9, 14)	状态: 使命结束
[时间:81000][状态]: '轰炸机[2:1:7]' 位于(9, 14)	状态: 使命结束
[时间:81000][状态]: '轰炸机[2:1:8]' 位于(9, 14)	状态: 使命结束
[时间:81000][状态]: '轰炸机[2:2:1]' 位于(27, 14)	状态: 使命结束
[时间:81000][状态]: '轰炸机[2:2:2]' 位于(11, 14)	状态: 返回基地
[时间:81000][状态]: '攻击方1': 位置: (12, 39)	待命: 0	起飞: 0	坠毁: 0	返航: 0	完成: 4
[时间:81000][状态]: '攻击方2': 位置: (9, 14)	待命: 0	起飞: 0	坠毁: 0	返航: 1	完成: 9
[时间:82000][状态]: '防守方1'	位于: (44, 41)	导弹剩余数: 0	状态: 待机发射
[时间:82000][状态]: '防守方2'	位于: (42, 20)	导弹剩余数: 0	状态: 待机发射
[时间:82000][状态]: '轰炸机[1:1:1]' 位于(37.668269138528807, 34.85995659055996)	状态: 使命结束
[时间:82000][状态]: '轰炸机[1:1:2]' 位于(35.693786897103514, 35.178421468209194)	状态: 使命结束
[时间:82000][状态]: '轰炸机[1:1:3]' 位于(30.757581293540284, 35.974583662332279)	状态: 使命结束
[时间:82000][状态]: '轰炸机[1:1:4]' 位于(12.987241120712646, 38.840767561175383)	状态: 使命结束
[时间:82000][状态]: '轰炸机[2:1:1]' 位于(36, 14)	状态: 使命结束
[时间:82000][状态]: '轰炸机[2:1:2]' 位于(9, 14)	状态: 使命结束
[时间:82000][状态]: '轰炸机[2:1:3]' 位于(9, 14)	状态: 使命结束
[时间:82000][状态]: '轰炸机[2:1:4]' 位于(9, 14)	状态: 使命结束
[时间:82000][状态]: '轰炸机[2:1:5]' 位于(9, 14)	状态: 使命结束
[时间:82000][状态]: '轰炸机[2:1:6]' 位于(9, 14)	状态: 使命结束
[时间:82000][状态]: '轰炸机[2:1:7]' 位于(9, 14)	状态: 使命结束
[时间:82000][状态]: '轰炸机[2:1:8]' 位于(9, 14)	状态: 使命结束
[时间:82000][状态]: '轰炸机[2:2:1]' 位于(27, 14)	状态: 使命结束
[时间:82000][状态]: '轰炸机[2:2:2]' 位于(10, 14)	状态: 返回基地
[时间:82000][事件]: '轰炸机[2:2:2]' 轰炸守方军事目标 '攻击方2' 的使命结束!
[时间:82000][状态]: '攻击方1': 位置: (12, 39)	待命: 0	起飞: 0	坠毁: 0	返航: 0	完成: 4
[时间:82000][状态]: '攻击方2': 位置: (9, 14)	待命: 0	起飞: 0	坠毁: 0	返航: 0	完成: 10
